00:04:51:601  WARN 9876 --- [Thread-7] c.a.n.common.http.HttpClientBeanHolder   : [HttpClientBeanHolder] Start destroying common HttpClient
00:04:51:601  WARN 9876 --- [Thread-4] c.a.nacos.common.notify.NotifyCenter     : [NotifyCenter] Start destroying Publisher
00:04:51:616  WARN 9876 --- [Thread-4] c.a.nacos.common.notify.NotifyCenter     : [NotifyCenter] Destruction of the end
00:04:51:623  WARN 9876 --- [Thread-7] c.a.n.common.http.HttpClientBeanHolder   : [HttpClientBeanHolder] Destruction of the end
00:04:51:793  INFO 9876 --- [SpringApplicationShutdownHook] c.a.c.n.registry.NacosServiceRegistry    : De-registering from Nacos Server now...
00:04:51:796  INFO 9876 --- [SpringApplicationShutdownHook] c.a.c.n.registry.NacosServiceRegistry    : De-registration finished.
00:04:52:109  INFO 9876 --- [SpringApplicationShutdownHook] com.alibaba.nacos.common.remote.client   : Shutdown rpc client, set status to shutdown
00:04:52:109  INFO 9876 --- [SpringApplicationShutdownHook] com.alibaba.nacos.common.remote.client   : Shutdown client event executor java.util.concurrent.ScheduledThreadPoolExecutor@4deebd8[Running, pool size = 2, active threads = 2, queued tasks = 0, completed tasks = 0]
00:04:52:109  INFO 9876 --- [SpringApplicationShutdownHook] com.alibaba.nacos.common.remote.client   : Close current connection 1718806110469_192.168.121.1_9660
00:04:52:111  INFO 9876 --- [nacos-grpc-client-executor-3183] c.a.n.c.remote.client.grpc.GrpcClient    : [1718806110469_192.168.121.1_9660]Ignore complete event,isRunning:false,isAbandon=false
00:04:52:115  INFO 9876 --- [SpringApplicationShutdownHook] c.a.n.c.remote.client.grpc.GrpcClient    : Shutdown grpc executor java.util.concurrent.ThreadPoolExecutor@7f3d7bd2[Running, pool size = 5, active threads = 0, queued tasks = 0, completed tasks = 3184]
08:52:23:212  INFO 7384 --- [main] com.hmall.pay.PayApplication             : Starting PayApplication using Java 17.0.2 on SakuranoX with PID 7384 (D:\Cloud\hmall\pay-service\target\classes started by x in D:\Cloud\hmall)
08:52:23:216 DEBUG 7384 --- [main] com.hmall.pay.PayApplication             : Running with Spring Boot v2.7.12, Spring v5.3.27
08:52:23:216  INFO 7384 --- [main] com.hmall.pay.PayApplication             : The following 1 profile is active: "local"
08:52:24:578  INFO 7384 --- [main] o.s.cloud.context.scope.GenericScope     : BeanFactory id=91546039-c0c1-3aed-9115-f86cf2141404
08:52:24:936  INFO 7384 --- [main] o.s.b.w.embedded.tomcat.TomcatWebServer  : Tomcat initialized with port(s): 8086 (http)
08:52:24:947  INFO 7384 --- [main] o.apache.catalina.core.StandardService   : Starting service [Tomcat]
08:52:24:947  INFO 7384 --- [main] org.apache.catalina.core.StandardEngine  : Starting Servlet engine: [Apache Tomcat/9.0.75]
08:52:25:077  INFO 7384 --- [main] o.a.c.c.C.[Tomcat].[localhost].[/]       : Initializing Spring embedded WebApplicationContext
08:52:25:077  INFO 7384 --- [main] w.s.c.ServletWebServerApplicationContext : Root WebApplicationContext: initialization completed in 1785 ms
08:52:25:397  INFO 7384 --- [main] o.s.c.openfeign.FeignClientFactoryBean   : For 'user-service' URL not provided. Will try picking an instance via load-balancing.
08:52:25:497  INFO 7384 --- [main] o.s.c.openfeign.FeignClientFactoryBean   : For 'trade-service' URL not provided. Will try picking an instance via load-balancing.
08:52:26:701  INFO 7384 --- [main] pertySourcedRequestMappingHandlerMapping : Mapped URL path [/v2/api-docs] onto method [springfox.documentation.swagger2.web.Swagger2ControllerWebMvc#getDocumentation(String, HttpServletRequest)]
08:52:26:963  INFO 7384 --- [main] com.alibaba.nacos.common.remote.client   : [RpcClientFactory] create a new rpc client of 77cf46cc-d55c-49bc-afd0-3de3a5030710
08:52:27:001  INFO 7384 --- [main] org.reflections.Reflections              : Reflections took 24 ms to scan 1 urls, producing 3 keys and 6 values 
08:52:27:023  INFO 7384 --- [main] org.reflections.Reflections              : Reflections took 11 ms to scan 1 urls, producing 4 keys and 9 values 
08:52:27:033  INFO 7384 --- [main] org.reflections.Reflections              : Reflections took 7 ms to scan 1 urls, producing 3 keys and 10 values 
08:52:27:035  WARN 7384 --- [main] org.reflections.Reflections              : given scan urls are empty. set urls in the configuration
08:52:27:042  INFO 7384 --- [main] org.reflections.Reflections              : Reflections took 6 ms to scan 1 urls, producing 1 keys and 5 values 
08:52:27:051  INFO 7384 --- [main] org.reflections.Reflections              : Reflections took 7 ms to scan 1 urls, producing 1 keys and 7 values 
08:52:27:059  INFO 7384 --- [main] org.reflections.Reflections              : Reflections took 6 ms to scan 1 urls, producing 2 keys and 8 values 
08:52:27:061  WARN 7384 --- [main] org.reflections.Reflections              : given scan urls are empty. set urls in the configuration
08:52:27:062  INFO 7384 --- [main] com.alibaba.nacos.common.remote.client   : [77cf46cc-d55c-49bc-afd0-3de3a5030710] RpcClient init label, labels = {module=naming, source=sdk}
08:52:27:063  INFO 7384 --- [main] com.alibaba.nacos.common.remote.client   : [77cf46cc-d55c-49bc-afd0-3de3a5030710] RpcClient init, ServerListFactory = com.alibaba.nacos.client.naming.core.ServerListManager
08:52:27:064  INFO 7384 --- [main] com.alibaba.nacos.common.remote.client   : [77cf46cc-d55c-49bc-afd0-3de3a5030710] Registry connection listener to current client:com.alibaba.nacos.client.naming.remote.gprc.redo.NamingGrpcRedoService
08:52:27:064  INFO 7384 --- [main] com.alibaba.nacos.common.remote.client   : [77cf46cc-d55c-49bc-afd0-3de3a5030710] Register server push request handler:com.alibaba.nacos.client.naming.remote.gprc.NamingPushRequestHandler
08:52:27:065  INFO 7384 --- [main] com.alibaba.nacos.common.remote.client   : [77cf46cc-d55c-49bc-afd0-3de3a5030710] Try to connect to server on start up, server: {serverIp = '192.168.121.111', server main port = 8848}
08:52:27:757  INFO 7384 --- [main] com.alibaba.nacos.common.remote.client   : [77cf46cc-d55c-49bc-afd0-3de3a5030710] Success to connect to server [192.168.121.111:8848] on start up, connectionId = 1718844746703_192.168.121.1_2176
08:52:27:758  INFO 7384 --- [com.alibaba.nacos.client.remote.worker] com.alibaba.nacos.common.remote.client   : [77cf46cc-d55c-49bc-afd0-3de3a5030710] Notify connected event to listeners.
08:52:27:758  INFO 7384 --- [main] com.alibaba.nacos.common.remote.client   : [77cf46cc-d55c-49bc-afd0-3de3a5030710] Register server push request handler:com.alibaba.nacos.common.remote.client.RpcClient$ConnectResetRequestHandler
08:52:27:758  INFO 7384 --- [main] com.alibaba.nacos.common.remote.client   : [77cf46cc-d55c-49bc-afd0-3de3a5030710] Register server push request handler:com.alibaba.nacos.common.remote.client.RpcClient$$Lambda$989/0x00000008012a3b70
08:52:27:814  INFO 7384 --- [main] o.s.b.w.embedded.tomcat.TomcatWebServer  : Tomcat started on port(s): 8086 (http) with context path ''
08:52:27:825  INFO 7384 --- [main] c.a.c.n.registry.NacosServiceRegistry    : nacos registry, DEFAULT_GROUP pay-service 192.168.121.1:8086 register finished
08:52:27:894  INFO 7384 --- [main] d.s.w.p.DocumentationPluginsBootstrapper : Documentation plugins bootstrapped
08:52:27:896  INFO 7384 --- [main] d.s.w.p.DocumentationPluginsBootstrapper : Found 1 custom documentation plugin(s)
08:52:27:915  INFO 7384 --- [main] s.d.s.w.s.ApiListingReferenceScanner     : Scanning for api listing references
08:52:28:008  INFO 7384 --- [main] com.hmall.pay.PayApplication             : Started PayApplication in 5.495 seconds (JVM running for 6.165)
08:52:28:360  INFO 7384 --- [nacos-grpc-client-executor-11] com.alibaba.nacos.common.remote.client   : [77cf46cc-d55c-49bc-afd0-3de3a5030710] Receive server push request, request = NotifySubscriberRequest, requestId = 4
08:52:28:376  INFO 7384 --- [nacos-grpc-client-executor-11] com.alibaba.nacos.common.remote.client   : [77cf46cc-d55c-49bc-afd0-3de3a5030710] Ack server push request, request = NotifySubscriberRequest, requestId = 4
