14:31:24:662  INFO 12780 --- [main] com.hmall.HMallApplication               : Starting HMallApplication using Java 17.0.2 on SakuranoX with PID 12780 (D:\Cloud\hmall\hm-service\target\classes started by x in D:\Cloud\hmall)
14:31:24:666 DEBUG 12780 --- [main] com.hmall.HMallApplication               : Running with Spring Boot v2.7.12, Spring v5.3.27
14:31:24:666  INFO 12780 --- [main] com.hmall.HMallApplication               : The following 1 profile is active: "local"
14:31:25:734  INFO 12780 --- [main] .s.d.r.c.RepositoryConfigurationDelegate : Multiple Spring Data modules found, entering strict repository configuration mode
14:31:25:734  INFO 12780 --- [main] .s.d.r.c.RepositoryConfigurationDelegate : Bootstrapping Spring Data Redis repositories in DEFAULT mode.
14:31:25:761  INFO 12780 --- [main] .s.d.r.c.RepositoryConfigurationDelegate : Finished Spring Data repository scanning in 10 ms. Found 0 Redis repository interfaces.
14:31:26:162  INFO 12780 --- [main] o.s.b.w.embedded.tomcat.TomcatWebServer  : Tomcat initialized with port(s): 8080 (http)
14:31:26:166  INFO 12780 --- [main] o.apache.catalina.core.StandardService   : Starting service [Tomcat]
14:31:26:166  INFO 12780 --- [main] org.apache.catalina.core.StandardEngine  : Starting Servlet engine: [Apache Tomcat/9.0.75]
14:31:26:252  INFO 12780 --- [main] o.a.c.c.C.[Tomcat].[localhost].[/]       : Initializing Spring embedded WebApplicationContext
14:31:26:252  INFO 12780 --- [main] w.s.c.ServletWebServerApplicationContext : Root WebApplicationContext: initialization completed in 1544 ms
14:31:27:449  INFO 12780 --- [main] pertySourcedRequestMappingHandlerMapping : Mapped URL path [/v2/api-docs] onto method [springfox.documentation.swagger2.web.Swagger2ControllerWebMvc#getDocumentation(String, HttpServletRequest)]
14:31:27:698  WARN 12780 --- [main] ConfigServletWebServerApplicationContext : Exception encountered during context initialization - cancelling refresh attempt: org.springframework.context.ApplicationContextException: Failed to start bean 'webServerStartStop'; nested exception is org.springframework.boot.web.server.PortInUseException: Port 8080 is already in use
14:31:27:717  INFO 12780 --- [main] o.apache.catalina.core.StandardService   : Stopping service [Tomcat]
14:31:27:726  INFO 12780 --- [main] ConditionEvaluationReportLoggingListener : 

Error starting ApplicationContext. To display the conditions report re-run your application with 'debug' enabled.
14:31:27:738 ERROR 12780 --- [main] o.s.b.d.LoggingFailureAnalysisReporter   : 

***************************
APPLICATION FAILED TO START
***************************

Description:

Web server failed to start. Port 8080 was already in use.

Action:

Identify and stop the process that's listening on port 8080 or configure this application to listen on another port.

