00:06:04:901  INFO 11940 --- [main] com.hmall.trade.TradeApplication         : Starting TradeApplication using Java 17.0.2 on SakuranoX with PID 11940 (D:\Cloud\hmall\trade-service\target\classes started by x in D:\Cloud\hmall)
00:06:04:906 DEBUG 11940 --- [main] com.hmall.trade.TradeApplication         : Running with Spring Boot v2.7.12, Spring v5.3.27
00:06:04:907  INFO 11940 --- [main] com.hmall.trade.TradeApplication         : The following 1 profile is active: "local"
00:06:06:367  INFO 11940 --- [main] o.s.cloud.context.scope.GenericScope     : BeanFactory id=217a1f91-496c-3292-9d07-d2a103739320
00:06:06:720  INFO 11940 --- [main] o.s.b.w.embedded.tomcat.TomcatWebServer  : Tomcat initialized with port(s): 8085 (http)
00:06:06:726  INFO 11940 --- [main] o.apache.catalina.core.StandardService   : Starting service [Tomcat]
00:06:06:727  INFO 11940 --- [main] org.apache.catalina.core.StandardEngine  : Starting Servlet engine: [Apache Tomcat/9.0.75]
00:06:06:823  INFO 11940 --- [main] o.a.c.c.C.[Tomcat].[localhost].[/]       : Initializing Spring embedded WebApplicationContext
00:06:06:823  INFO 11940 --- [main] w.s.c.ServletWebServerApplicationContext : Root WebApplicationContext: initialization completed in 1850 ms
00:06:06:980  INFO 11940 --- [main] o.s.c.openfeign.FeignClientFactoryBean   : For 'item-service' URL not provided. Will try picking an instance via load-balancing.
00:06:07:304  INFO 11940 --- [main] o.s.c.openfeign.FeignClientFactoryBean   : For 'cart-service' URL not provided. Will try picking an instance via load-balancing.
00:06:08:809  INFO 11940 --- [main] o.s.cloud.commons.util.InetUtils         : Cannot determine local hostname
00:06:08:843  INFO 11940 --- [main] pertySourcedRequestMappingHandlerMapping : Mapped URL path [/v2/api-docs] onto method [springfox.documentation.swagger2.web.Swagger2ControllerWebMvc#getDocumentation(String, HttpServletRequest)]
00:06:09:986  INFO 11940 --- [main] o.s.cloud.commons.util.InetUtils         : Cannot determine local hostname
00:06:10:112  INFO 11940 --- [main] com.alibaba.nacos.common.remote.client   : [RpcClientFactory] create a new rpc client of 9211d8b1-8950-4468-a7ec-c7bc3d07fc81
00:06:10:143  INFO 11940 --- [main] org.reflections.Reflections              : Reflections took 17 ms to scan 1 urls, producing 3 keys and 6 values 
00:06:10:172  INFO 11940 --- [main] org.reflections.Reflections              : Reflections took 14 ms to scan 1 urls, producing 4 keys and 9 values 
00:06:10:180  INFO 11940 --- [main] org.reflections.Reflections              : Reflections took 6 ms to scan 1 urls, producing 3 keys and 10 values 
00:06:10:182  WARN 11940 --- [main] org.reflections.Reflections              : given scan urls are empty. set urls in the configuration
00:06:10:191  INFO 11940 --- [main] org.reflections.Reflections              : Reflections took 8 ms to scan 1 urls, producing 1 keys and 5 values 
00:06:10:201  INFO 11940 --- [main] org.reflections.Reflections              : Reflections took 8 ms to scan 1 urls, producing 1 keys and 7 values 
00:06:10:211  INFO 11940 --- [main] org.reflections.Reflections              : Reflections took 6 ms to scan 1 urls, producing 2 keys and 8 values 
00:06:10:213  WARN 11940 --- [main] org.reflections.Reflections              : given scan urls are empty. set urls in the configuration
00:06:10:215  INFO 11940 --- [main] com.alibaba.nacos.common.remote.client   : [9211d8b1-8950-4468-a7ec-c7bc3d07fc81] RpcClient init label, labels = {module=naming, source=sdk}
00:06:10:217  INFO 11940 --- [main] com.alibaba.nacos.common.remote.client   : [9211d8b1-8950-4468-a7ec-c7bc3d07fc81] RpcClient init, ServerListFactory = com.alibaba.nacos.client.naming.core.ServerListManager
00:06:10:217  INFO 11940 --- [main] com.alibaba.nacos.common.remote.client   : [9211d8b1-8950-4468-a7ec-c7bc3d07fc81] Registry connection listener to current client:com.alibaba.nacos.client.naming.remote.gprc.redo.NamingGrpcRedoService
00:06:10:217  INFO 11940 --- [main] com.alibaba.nacos.common.remote.client   : [9211d8b1-8950-4468-a7ec-c7bc3d07fc81] Register server push request handler:com.alibaba.nacos.client.naming.remote.gprc.NamingPushRequestHandler
00:06:10:219  INFO 11940 --- [main] com.alibaba.nacos.common.remote.client   : [9211d8b1-8950-4468-a7ec-c7bc3d07fc81] Try to connect to server on start up, server: {serverIp = '192.168.121.111', server main port = 8848}
00:06:10:916  INFO 11940 --- [main] com.alibaba.nacos.common.remote.client   : [9211d8b1-8950-4468-a7ec-c7bc3d07fc81] Success to connect to server [192.168.121.111:8848] on start up, connectionId = 1718374439454_192.168.121.1_13341
00:06:10:916  INFO 11940 --- [com.alibaba.nacos.client.remote.worker] com.alibaba.nacos.common.remote.client   : [9211d8b1-8950-4468-a7ec-c7bc3d07fc81] Notify connected event to listeners.
00:06:10:916  INFO 11940 --- [main] com.alibaba.nacos.common.remote.client   : [9211d8b1-8950-4468-a7ec-c7bc3d07fc81] Register server push request handler:com.alibaba.nacos.common.remote.client.RpcClient$ConnectResetRequestHandler
00:06:10:916  INFO 11940 --- [main] com.alibaba.nacos.common.remote.client   : [9211d8b1-8950-4468-a7ec-c7bc3d07fc81] Register server push request handler:com.alibaba.nacos.common.remote.client.RpcClient$$Lambda$987/0x00000008012a0cc0
00:06:10:974  INFO 11940 --- [main] o.s.b.w.embedded.tomcat.TomcatWebServer  : Tomcat started on port(s): 8085 (http) with context path ''
00:06:10:989  INFO 11940 --- [main] c.a.c.n.registry.NacosServiceRegistry    : nacos registry, DEFAULT_GROUP trade-service 192.168.121.1:8085 register finished
00:06:11:466  INFO 11940 --- [nacos-grpc-client-executor-9] com.alibaba.nacos.common.remote.client   : [9211d8b1-8950-4468-a7ec-c7bc3d07fc81] Receive server push request, request = NotifySubscriberRequest, requestId = 49
00:06:11:476  INFO 11940 --- [nacos-grpc-client-executor-9] com.alibaba.nacos.common.remote.client   : [9211d8b1-8950-4468-a7ec-c7bc3d07fc81] Ack server push request, request = NotifySubscriberRequest, requestId = 49
00:06:12:086  INFO 11940 --- [main] o.s.cloud.commons.util.InetUtils         : Cannot determine local hostname
00:06:12:086  INFO 11940 --- [main] d.s.w.p.DocumentationPluginsBootstrapper : Documentation plugins bootstrapped
00:06:12:089  INFO 11940 --- [main] d.s.w.p.DocumentationPluginsBootstrapper : Found 1 custom documentation plugin(s)
00:06:12:107  INFO 11940 --- [main] s.d.s.w.s.ApiListingReferenceScanner     : Scanning for api listing references
00:06:12:189  INFO 11940 --- [main] com.hmall.trade.TradeApplication         : Started TradeApplication in 8.953 seconds (JVM running for 9.61)
01:38:00:373  INFO 11940 --- [com.alibaba.nacos.client.remote.worker] com.alibaba.nacos.common.remote.client   : [9211d8b1-8950-4468-a7ec-c7bc3d07fc81] Server healthy check fail, currentConnection = 1718374439454_192.168.121.1_13341
01:38:00:386  INFO 11940 --- [com.alibaba.nacos.client.remote.worker] com.alibaba.nacos.common.remote.client   : [9211d8b1-8950-4468-a7ec-c7bc3d07fc81] Try to reconnect to a new server, server is  not appointed, will choose a random server.
01:38:03:433 ERROR 11940 --- [com.alibaba.nacos.client.remote.worker] c.a.n.c.remote.client.grpc.GrpcClient    : Server check fail, please check server 192.168.121.111 ,port 9848 is available , error ={}

java.util.concurrent.TimeoutException: Waited 3000 milliseconds (plus 883500 nanoseconds delay) for com.alibaba.nacos.shaded.io.grpc.stub.ClientCalls$GrpcFuture@551879cb[status=PENDING, info=[GrpcFuture{clientCall={delegate={delegate=ClientCallImpl{method=MethodDescriptor{fullMethodName=Request/request, type=UNARY, idempotent=false, safe=false, sampledToLocalTracing=true, requestMarshaller=com.alibaba.nacos.shaded.io.grpc.protobuf.lite.ProtoLiteUtils$MessageMarshaller@6d43bc99, responseMarshaller=com.alibaba.nacos.shaded.io.grpc.protobuf.lite.ProtoLiteUtils$MessageMarshaller@13d64306, schemaDescriptor=com.alibaba.nacos.api.grpc.auto.RequestGrpc$RequestMethodDescriptorSupplier@2010d122}}}}}]]
	at com.alibaba.nacos.shaded.com.google.common.util.concurrent.AbstractFuture.get(AbstractFuture.java:508) ~[nacos-client-2.0.4.jar:na]
	at com.alibaba.nacos.common.remote.client.grpc.GrpcClient.serverCheck(GrpcClient.java:148) ~[nacos-client-2.0.4.jar:na]
	at com.alibaba.nacos.common.remote.client.grpc.GrpcClient.connectToServer(GrpcClient.java:264) ~[nacos-client-2.0.4.jar:na]
	at com.alibaba.nacos.common.remote.client.RpcClient.reconnect(RpcClient.java:522) ~[nacos-client-2.0.4.jar:na]
	at com.alibaba.nacos.common.remote.client.RpcClient.lambda$start$2(RpcClient.java:370) ~[nacos-client-2.0.4.jar:na]
	at java.base/java.util.concurrent.Executors$RunnableAdapter.call(Executors.java:539) ~[na:na]
	at java.base/java.util.concurrent.FutureTask.run(FutureTask.java:264) ~[na:na]
	at java.base/java.util.concurrent.ScheduledThreadPoolExecutor$ScheduledFutureTask.run(ScheduledThreadPoolExecutor.java:304) ~[na:na]
	at java.base/java.util.concurrent.ThreadPoolExecutor.runWorker(ThreadPoolExecutor.java:1136) ~[na:na]
	at java.base/java.util.concurrent.ThreadPoolExecutor$Worker.run(ThreadPoolExecutor.java:635) ~[na:na]
	at java.base/java.lang.Thread.run(Thread.java:833) ~[na:na]

01:38:06:551 ERROR 11940 --- [com.alibaba.nacos.client.remote.worker] c.a.n.c.remote.client.grpc.GrpcClient    : Server check fail, please check server 192.168.121.111 ,port 9848 is available , error ={}

java.util.concurrent.TimeoutException: Waited 3000 milliseconds (plus 1 milliseconds, 616300 nanoseconds delay) for com.alibaba.nacos.shaded.io.grpc.stub.ClientCalls$GrpcFuture@3c5a9ce9[status=PENDING, info=[GrpcFuture{clientCall={delegate={delegate=ClientCallImpl{method=MethodDescriptor{fullMethodName=Request/request, type=UNARY, idempotent=false, safe=false, sampledToLocalTracing=true, requestMarshaller=com.alibaba.nacos.shaded.io.grpc.protobuf.lite.ProtoLiteUtils$MessageMarshaller@6d43bc99, responseMarshaller=com.alibaba.nacos.shaded.io.grpc.protobuf.lite.ProtoLiteUtils$MessageMarshaller@13d64306, schemaDescriptor=com.alibaba.nacos.api.grpc.auto.RequestGrpc$RequestMethodDescriptorSupplier@2010d122}}}}}]]
	at com.alibaba.nacos.shaded.com.google.common.util.concurrent.AbstractFuture.get(AbstractFuture.java:508) ~[nacos-client-2.0.4.jar:na]
	at com.alibaba.nacos.common.remote.client.grpc.GrpcClient.serverCheck(GrpcClient.java:148) ~[nacos-client-2.0.4.jar:na]
	at com.alibaba.nacos.common.remote.client.grpc.GrpcClient.connectToServer(GrpcClient.java:264) ~[nacos-client-2.0.4.jar:na]
	at com.alibaba.nacos.common.remote.client.RpcClient.reconnect(RpcClient.java:522) ~[nacos-client-2.0.4.jar:na]
	at com.alibaba.nacos.common.remote.client.RpcClient.lambda$start$2(RpcClient.java:370) ~[nacos-client-2.0.4.jar:na]
	at java.base/java.util.concurrent.Executors$RunnableAdapter.call(Executors.java:539) ~[na:na]
	at java.base/java.util.concurrent.FutureTask.run(FutureTask.java:264) ~[na:na]
	at java.base/java.util.concurrent.ScheduledThreadPoolExecutor$ScheduledFutureTask.run(ScheduledThreadPoolExecutor.java:304) ~[na:na]
	at java.base/java.util.concurrent.ThreadPoolExecutor.runWorker(ThreadPoolExecutor.java:1136) ~[na:na]
	at java.base/java.util.concurrent.ThreadPoolExecutor$Worker.run(ThreadPoolExecutor.java:635) ~[na:na]
	at java.base/java.lang.Thread.run(Thread.java:833) ~[na:na]

01:38:06:552  INFO 11940 --- [com.alibaba.nacos.client.remote.worker] com.alibaba.nacos.common.remote.client   : [9211d8b1-8950-4468-a7ec-c7bc3d07fc81] Fail to connect server, after trying 1 times, last try server is {serverIp = '192.168.121.111', server main port = 8848}, error = unknown
01:38:09:758 ERROR 11940 --- [com.alibaba.nacos.client.remote.worker] c.a.n.c.remote.client.grpc.GrpcClient    : Server check fail, please check server 192.168.121.111 ,port 9848 is available , error ={}

java.util.concurrent.TimeoutException: Waited 3000 milliseconds (plus 2 milliseconds, 614200 nanoseconds delay) for com.alibaba.nacos.shaded.io.grpc.stub.ClientCalls$GrpcFuture@7ee6f329[status=PENDING, info=[GrpcFuture{clientCall={delegate={delegate=ClientCallImpl{method=MethodDescriptor{fullMethodName=Request/request, type=UNARY, idempotent=false, safe=false, sampledToLocalTracing=true, requestMarshaller=com.alibaba.nacos.shaded.io.grpc.protobuf.lite.ProtoLiteUtils$MessageMarshaller@6d43bc99, responseMarshaller=com.alibaba.nacos.shaded.io.grpc.protobuf.lite.ProtoLiteUtils$MessageMarshaller@13d64306, schemaDescriptor=com.alibaba.nacos.api.grpc.auto.RequestGrpc$RequestMethodDescriptorSupplier@2010d122}}}}}]]
	at com.alibaba.nacos.shaded.com.google.common.util.concurrent.AbstractFuture.get(AbstractFuture.java:508) ~[nacos-client-2.0.4.jar:na]
	at com.alibaba.nacos.common.remote.client.grpc.GrpcClient.serverCheck(GrpcClient.java:148) ~[nacos-client-2.0.4.jar:na]
	at com.alibaba.nacos.common.remote.client.grpc.GrpcClient.connectToServer(GrpcClient.java:264) ~[nacos-client-2.0.4.jar:na]
	at com.alibaba.nacos.common.remote.client.RpcClient.reconnect(RpcClient.java:522) ~[nacos-client-2.0.4.jar:na]
	at com.alibaba.nacos.common.remote.client.RpcClient.lambda$start$2(RpcClient.java:370) ~[nacos-client-2.0.4.jar:na]
	at java.base/java.util.concurrent.Executors$RunnableAdapter.call(Executors.java:539) ~[na:na]
	at java.base/java.util.concurrent.FutureTask.run(FutureTask.java:264) ~[na:na]
	at java.base/java.util.concurrent.ScheduledThreadPoolExecutor$ScheduledFutureTask.run(ScheduledThreadPoolExecutor.java:304) ~[na:na]
	at java.base/java.util.concurrent.ThreadPoolExecutor.runWorker(ThreadPoolExecutor.java:1136) ~[na:na]
	at java.base/java.util.concurrent.ThreadPoolExecutor$Worker.run(ThreadPoolExecutor.java:635) ~[na:na]
	at java.base/java.lang.Thread.run(Thread.java:833) ~[na:na]

01:38:09:759  INFO 11940 --- [com.alibaba.nacos.client.remote.worker] com.alibaba.nacos.common.remote.client   : [9211d8b1-8950-4468-a7ec-c7bc3d07fc81] Fail to connect server, after trying 2 times, last try server is {serverIp = '192.168.121.111', server main port = 8848}, error = unknown
01:38:10:183  INFO 11940 --- [com.alibaba.nacos.client.remote.worker] com.alibaba.nacos.common.remote.client   : [9211d8b1-8950-4468-a7ec-c7bc3d07fc81] Success to connect a server [192.168.121.111:8848], connectionId = 1718380418766_192.168.121.1_3401
01:38:10:183  INFO 11940 --- [com.alibaba.nacos.client.remote.worker] com.alibaba.nacos.common.remote.client   : [9211d8b1-8950-4468-a7ec-c7bc3d07fc81] Abandon prev connection, server is 192.168.121.111:8848, connectionId is 1718374439454_192.168.121.1_13341
01:38:10:184  INFO 11940 --- [com.alibaba.nacos.client.remote.worker] com.alibaba.nacos.common.remote.client   : Close current connection 1718374439454_192.168.121.1_13341
01:38:10:185  INFO 11940 --- [com.alibaba.nacos.client.remote.worker] com.alibaba.nacos.common.remote.client   : [9211d8b1-8950-4468-a7ec-c7bc3d07fc81] Notify disconnected event to listeners
01:38:10:194  WARN 11940 --- [nacos-grpc-client-executor-1129] c.a.n.c.remote.client.grpc.GrpcClient    : [1718374439454_192.168.121.1_13341]Ignore error event,isRunning:true,isAbandon=true
01:38:10:200  INFO 11940 --- [com.alibaba.nacos.client.remote.worker] com.alibaba.nacos.common.remote.client   : [9211d8b1-8950-4468-a7ec-c7bc3d07fc81] Notify connected event to listeners.
01:38:11:924  INFO 11940 --- [nacos-grpc-client-executor-1132] com.alibaba.nacos.common.remote.client   : [9211d8b1-8950-4468-a7ec-c7bc3d07fc81] Receive server push request, request = NotifySubscriberRequest, requestId = 82
01:38:11:925  INFO 11940 --- [nacos-grpc-client-executor-1132] com.alibaba.nacos.common.remote.client   : [9211d8b1-8950-4468-a7ec-c7bc3d07fc81] Ack server push request, request = NotifySubscriberRequest, requestId = 82
02:17:41:086  WARN 11940 --- [Thread-7] c.a.n.common.http.HttpClientBeanHolder   : [HttpClientBeanHolder] Start destroying common HttpClient
02:17:41:086  WARN 11940 --- [Thread-4] c.a.nacos.common.notify.NotifyCenter     : [NotifyCenter] Start destroying Publisher
02:17:41:090  WARN 11940 --- [Thread-4] c.a.nacos.common.notify.NotifyCenter     : [NotifyCenter] Destruction of the end
02:17:41:090  WARN 11940 --- [Thread-7] c.a.n.common.http.HttpClientBeanHolder   : [HttpClientBeanHolder] Destruction of the end
02:17:41:226  INFO 11940 --- [SpringApplicationShutdownHook] c.a.c.n.registry.NacosServiceRegistry    : De-registering from Nacos Server now...
02:17:41:230  INFO 11940 --- [SpringApplicationShutdownHook] c.a.c.n.registry.NacosServiceRegistry    : De-registration finished.
02:17:41:539  INFO 11940 --- [SpringApplicationShutdownHook] com.alibaba.nacos.common.remote.client   : Shutdown rpc client, set status to shutdown
02:17:41:539  INFO 11940 --- [SpringApplicationShutdownHook] com.alibaba.nacos.common.remote.client   : Shutdown client event executor java.util.concurrent.ScheduledThreadPoolExecutor@4ea23277[Running, pool size = 2, active threads = 2, queued tasks = 0, completed tasks = 0]
02:17:41:539  INFO 11940 --- [SpringApplicationShutdownHook] com.alibaba.nacos.common.remote.client   : Close current connection 1718380418766_192.168.121.1_3401
02:17:41:541  INFO 11940 --- [nacos-grpc-client-executor-1609] c.a.n.c.remote.client.grpc.GrpcClient    : [1718380418766_192.168.121.1_3401]Ignore complete event,isRunning:false,isAbandon=false
02:17:41:541  INFO 11940 --- [SpringApplicationShutdownHook] c.a.n.c.remote.client.grpc.GrpcClient    : Shutdown grpc executor java.util.concurrent.ThreadPoolExecutor@6f65b62e[Running, pool size = 5, active threads = 0, queued tasks = 0, completed tasks = 1610]
