00:05:58:249  INFO 18120 --- [main] com.hmall.item.ItemApplication           : Starting ItemApplication using Java 17.0.2 on SakuranoX with PID 18120 (D:\Cloud\hmall\item-service\target\classes started by x in D:\Cloud\hmall)
00:05:58:254 DEBUG 18120 --- [main] com.hmall.item.ItemApplication           : Running with Spring Boot v2.7.12, Spring v5.3.27
00:05:58:255  INFO 18120 --- [main] com.hmall.item.ItemApplication           : The following 1 profile is active: "local"
00:05:59:322  INFO 18120 --- [main] o.s.cloud.context.scope.GenericScope     : BeanFactory id=1a2ccd82-e07b-3f46-bf3e-0019255fa69e
00:05:59:663  INFO 18120 --- [main] o.s.b.w.embedded.tomcat.TomcatWebServer  : Tomcat initialized with port(s): 8081 (http)
00:05:59:671  INFO 18120 --- [main] o.apache.catalina.core.StandardService   : Starting service [Tomcat]
00:05:59:671  INFO 18120 --- [main] org.apache.catalina.core.StandardEngine  : Starting Servlet engine: [Apache Tomcat/9.0.75]
00:05:59:767  INFO 18120 --- [main] o.a.c.c.C.[Tomcat].[localhost].[/]       : Initializing Spring embedded WebApplicationContext
00:05:59:768  INFO 18120 --- [main] w.s.c.ServletWebServerApplicationContext : Root WebApplicationContext: initialization completed in 1467 ms
00:06:00:193  INFO 13516 --- [main] com.hmall.item.ItemApplication           : Starting ItemApplication using Java 17.0.2 on SakuranoX with PID 13516 (D:\Cloud\hmall\item-service\target\classes started by x in D:\Cloud\hmall)
00:06:00:196 DEBUG 13516 --- [main] com.hmall.item.ItemApplication           : Running with Spring Boot v2.7.12, Spring v5.3.27
00:06:00:196  INFO 13516 --- [main] com.hmall.item.ItemApplication           : The following 1 profile is active: "local"
00:06:01:501  INFO 13516 --- [main] o.s.cloud.context.scope.GenericScope     : BeanFactory id=1a2ccd82-e07b-3f46-bf3e-0019255fa69e
00:06:01:833  INFO 13516 --- [main] o.s.b.w.embedded.tomcat.TomcatWebServer  : Tomcat initialized with port(s): 8083 (http)
00:06:01:841  INFO 13516 --- [main] o.apache.catalina.core.StandardService   : Starting service [Tomcat]
00:06:01:841  INFO 13516 --- [main] org.apache.catalina.core.StandardEngine  : Starting Servlet engine: [Apache Tomcat/9.0.75]
00:06:01:955  INFO 13516 --- [main] o.a.c.c.C.[Tomcat].[localhost].[/]       : Initializing Spring embedded WebApplicationContext
00:06:01:955  INFO 13516 --- [main] w.s.c.ServletWebServerApplicationContext : Root WebApplicationContext: initialization completed in 1694 ms
00:06:02:065  INFO 18120 --- [main] o.s.cloud.commons.util.InetUtils         : Cannot determine local hostname
00:06:02:099  INFO 18120 --- [main] pertySourcedRequestMappingHandlerMapping : Mapped URL path [/v2/api-docs] onto method [springfox.documentation.swagger2.web.Swagger2ControllerWebMvc#getDocumentation(String, HttpServletRequest)]
00:06:03:244  INFO 18120 --- [main] o.s.cloud.commons.util.InetUtils         : Cannot determine local hostname
00:06:03:522  INFO 18120 --- [main] com.alibaba.nacos.common.remote.client   : [RpcClientFactory] create a new rpc client of c1e8719e-ce38-40c7-a39c-4dc3d9669a99
00:06:03:581  INFO 18120 --- [main] org.reflections.Reflections              : Reflections took 30 ms to scan 1 urls, producing 3 keys and 6 values 
00:06:03:610  INFO 18120 --- [main] org.reflections.Reflections              : Reflections took 11 ms to scan 1 urls, producing 4 keys and 9 values 
00:06:03:627  INFO 18120 --- [main] org.reflections.Reflections              : Reflections took 13 ms to scan 1 urls, producing 3 keys and 10 values 
00:06:03:630  WARN 18120 --- [main] org.reflections.Reflections              : given scan urls are empty. set urls in the configuration
00:06:03:639  INFO 18120 --- [main] org.reflections.Reflections              : Reflections took 8 ms to scan 1 urls, producing 1 keys and 5 values 
00:06:03:649  INFO 18120 --- [main] org.reflections.Reflections              : Reflections took 7 ms to scan 1 urls, producing 1 keys and 7 values 
00:06:03:657  INFO 18120 --- [main] org.reflections.Reflections              : Reflections took 6 ms to scan 1 urls, producing 2 keys and 8 values 
00:06:03:658  WARN 18120 --- [main] org.reflections.Reflections              : given scan urls are empty. set urls in the configuration
00:06:03:659  INFO 18120 --- [main] com.alibaba.nacos.common.remote.client   : [c1e8719e-ce38-40c7-a39c-4dc3d9669a99] RpcClient init label, labels = {module=naming, source=sdk}
00:06:03:660  INFO 18120 --- [main] com.alibaba.nacos.common.remote.client   : [c1e8719e-ce38-40c7-a39c-4dc3d9669a99] RpcClient init, ServerListFactory = com.alibaba.nacos.client.naming.core.ServerListManager
00:06:03:660  INFO 18120 --- [main] com.alibaba.nacos.common.remote.client   : [c1e8719e-ce38-40c7-a39c-4dc3d9669a99] Registry connection listener to current client:com.alibaba.nacos.client.naming.remote.gprc.redo.NamingGrpcRedoService
00:06:03:661  INFO 18120 --- [main] com.alibaba.nacos.common.remote.client   : [c1e8719e-ce38-40c7-a39c-4dc3d9669a99] Register server push request handler:com.alibaba.nacos.client.naming.remote.gprc.NamingPushRequestHandler
00:06:03:662  INFO 18120 --- [main] com.alibaba.nacos.common.remote.client   : [c1e8719e-ce38-40c7-a39c-4dc3d9669a99] Try to connect to server on start up, server: {serverIp = '192.168.121.111', server main port = 8848}
00:06:04:016  INFO 13516 --- [main] o.s.cloud.commons.util.InetUtils         : Cannot determine local hostname
00:06:04:056  INFO 13516 --- [main] pertySourcedRequestMappingHandlerMapping : Mapped URL path [/v2/api-docs] onto method [springfox.documentation.swagger2.web.Swagger2ControllerWebMvc#getDocumentation(String, HttpServletRequest)]
00:06:04:415  INFO 18120 --- [main] com.alibaba.nacos.common.remote.client   : [c1e8719e-ce38-40c7-a39c-4dc3d9669a99] Success to connect to server [192.168.121.111:8848] on start up, connectionId = 1718374432409_192.168.121.1_13294
00:06:04:415  INFO 18120 --- [com.alibaba.nacos.client.remote.worker] com.alibaba.nacos.common.remote.client   : [c1e8719e-ce38-40c7-a39c-4dc3d9669a99] Notify connected event to listeners.
00:06:04:415  INFO 18120 --- [main] com.alibaba.nacos.common.remote.client   : [c1e8719e-ce38-40c7-a39c-4dc3d9669a99] Register server push request handler:com.alibaba.nacos.common.remote.client.RpcClient$ConnectResetRequestHandler
00:06:04:416  INFO 18120 --- [main] com.alibaba.nacos.common.remote.client   : [c1e8719e-ce38-40c7-a39c-4dc3d9669a99] Register server push request handler:com.alibaba.nacos.common.remote.client.RpcClient$$Lambda$948/0x000000080127e208
00:06:04:484  INFO 18120 --- [main] o.s.b.w.embedded.tomcat.TomcatWebServer  : Tomcat started on port(s): 8081 (http) with context path ''
00:06:04:496  INFO 18120 --- [main] c.a.c.n.registry.NacosServiceRegistry    : nacos registry, DEFAULT_GROUP item-service 192.168.121.1:8081 register finished
00:06:04:948  INFO 18120 --- [nacos-grpc-client-executor-9] com.alibaba.nacos.common.remote.client   : [c1e8719e-ce38-40c7-a39c-4dc3d9669a99] Receive server push request, request = NotifySubscriberRequest, requestId = 45
00:06:04:958  INFO 18120 --- [nacos-grpc-client-executor-9] com.alibaba.nacos.common.remote.client   : [c1e8719e-ce38-40c7-a39c-4dc3d9669a99] Ack server push request, request = NotifySubscriberRequest, requestId = 45
00:06:05:205  INFO 13516 --- [main] o.s.cloud.commons.util.InetUtils         : Cannot determine local hostname
00:06:05:550  INFO 13516 --- [main] com.alibaba.nacos.common.remote.client   : [RpcClientFactory] create a new rpc client of 2d333afb-f5fd-4de3-8d48-aae0d9359b1f
00:06:05:596  INFO 18120 --- [main] o.s.cloud.commons.util.InetUtils         : Cannot determine local hostname
00:06:05:597  INFO 18120 --- [main] d.s.w.p.DocumentationPluginsBootstrapper : Documentation plugins bootstrapped
00:06:05:602  INFO 18120 --- [main] d.s.w.p.DocumentationPluginsBootstrapper : Found 1 custom documentation plugin(s)
00:06:05:645  INFO 13516 --- [main] org.reflections.Reflections              : Reflections took 42 ms to scan 1 urls, producing 3 keys and 6 values 
00:06:05:647  INFO 18120 --- [main] s.d.s.w.s.ApiListingReferenceScanner     : Scanning for api listing references
00:06:05:687  INFO 13516 --- [main] org.reflections.Reflections              : Reflections took 14 ms to scan 1 urls, producing 4 keys and 9 values 
00:06:05:701  INFO 13516 --- [main] org.reflections.Reflections              : Reflections took 8 ms to scan 1 urls, producing 3 keys and 10 values 
00:06:05:706  WARN 13516 --- [main] org.reflections.Reflections              : given scan urls are empty. set urls in the configuration
00:06:05:721  INFO 13516 --- [main] org.reflections.Reflections              : Reflections took 14 ms to scan 1 urls, producing 1 keys and 5 values 
00:06:05:735  INFO 13516 --- [main] org.reflections.Reflections              : Reflections took 10 ms to scan 1 urls, producing 1 keys and 7 values 
00:06:05:749  INFO 13516 --- [main] org.reflections.Reflections              : Reflections took 10 ms to scan 1 urls, producing 2 keys and 8 values 
00:06:05:753  WARN 13516 --- [main] org.reflections.Reflections              : given scan urls are empty. set urls in the configuration
00:06:05:755  INFO 13516 --- [main] com.alibaba.nacos.common.remote.client   : [2d333afb-f5fd-4de3-8d48-aae0d9359b1f] RpcClient init label, labels = {module=naming, source=sdk}
00:06:05:758  INFO 13516 --- [main] com.alibaba.nacos.common.remote.client   : [2d333afb-f5fd-4de3-8d48-aae0d9359b1f] RpcClient init, ServerListFactory = com.alibaba.nacos.client.naming.core.ServerListManager
00:06:05:758  INFO 13516 --- [main] com.alibaba.nacos.common.remote.client   : [2d333afb-f5fd-4de3-8d48-aae0d9359b1f] Registry connection listener to current client:com.alibaba.nacos.client.naming.remote.gprc.redo.NamingGrpcRedoService
00:06:05:759  INFO 13516 --- [main] com.alibaba.nacos.common.remote.client   : [2d333afb-f5fd-4de3-8d48-aae0d9359b1f] Register server push request handler:com.alibaba.nacos.client.naming.remote.gprc.NamingPushRequestHandler
00:06:05:762  INFO 13516 --- [main] com.alibaba.nacos.common.remote.client   : [2d333afb-f5fd-4de3-8d48-aae0d9359b1f] Try to connect to server on start up, server: {serverIp = '192.168.121.111', server main port = 8848}
00:06:05:852  INFO 18120 --- [main] com.hmall.item.ItemApplication           : Started ItemApplication in 9.107 seconds (JVM running for 9.735)
00:06:06:615  INFO 13516 --- [main] com.alibaba.nacos.common.remote.client   : [2d333afb-f5fd-4de3-8d48-aae0d9359b1f] Success to connect to server [192.168.121.111:8848] on start up, connectionId = 1718374434747_192.168.121.1_13323
00:06:06:615  INFO 13516 --- [com.alibaba.nacos.client.remote.worker] com.alibaba.nacos.common.remote.client   : [2d333afb-f5fd-4de3-8d48-aae0d9359b1f] Notify connected event to listeners.
00:06:06:616  INFO 13516 --- [main] com.alibaba.nacos.common.remote.client   : [2d333afb-f5fd-4de3-8d48-aae0d9359b1f] Register server push request handler:com.alibaba.nacos.common.remote.client.RpcClient$ConnectResetRequestHandler
00:06:06:616  INFO 13516 --- [main] com.alibaba.nacos.common.remote.client   : [2d333afb-f5fd-4de3-8d48-aae0d9359b1f] Register server push request handler:com.alibaba.nacos.common.remote.client.RpcClient$$Lambda$948/0x000000080127e208
00:06:06:668  INFO 13516 --- [main] o.s.b.w.embedded.tomcat.TomcatWebServer  : Tomcat started on port(s): 8083 (http) with context path ''
00:06:06:677  INFO 13516 --- [main] c.a.c.n.registry.NacosServiceRegistry    : nacos registry, DEFAULT_GROUP item-service 192.168.121.1:8083 register finished
00:06:07:128  INFO 18120 --- [nacos-grpc-client-executor-11] com.alibaba.nacos.common.remote.client   : [c1e8719e-ce38-40c7-a39c-4dc3d9669a99] Receive server push request, request = NotifySubscriberRequest, requestId = 46
00:06:07:135  INFO 18120 --- [nacos-grpc-client-executor-11] com.alibaba.nacos.common.remote.client   : [c1e8719e-ce38-40c7-a39c-4dc3d9669a99] Ack server push request, request = NotifySubscriberRequest, requestId = 46
00:06:07:138  INFO 13516 --- [nacos-grpc-client-executor-9] com.alibaba.nacos.common.remote.client   : [2d333afb-f5fd-4de3-8d48-aae0d9359b1f] Receive server push request, request = NotifySubscriberRequest, requestId = 47
00:06:07:145  INFO 13516 --- [nacos-grpc-client-executor-9] com.alibaba.nacos.common.remote.client   : [2d333afb-f5fd-4de3-8d48-aae0d9359b1f] Ack server push request, request = NotifySubscriberRequest, requestId = 47
00:06:07:750  INFO 13516 --- [main] o.s.cloud.commons.util.InetUtils         : Cannot determine local hostname
00:06:07:750  INFO 13516 --- [main] d.s.w.p.DocumentationPluginsBootstrapper : Documentation plugins bootstrapped
00:06:07:753  INFO 13516 --- [main] d.s.w.p.DocumentationPluginsBootstrapper : Found 1 custom documentation plugin(s)
00:06:07:777  INFO 13516 --- [main] s.d.s.w.s.ApiListingReferenceScanner     : Scanning for api listing references
00:06:07:886  INFO 13516 --- [main] com.hmall.item.ItemApplication           : Started ItemApplication in 9.298 seconds (JVM running for 9.869)
00:08:28:065  INFO 18120 --- [http-nio-8081-exec-1] o.a.c.c.C.[Tomcat].[localhost].[/]       : Initializing Spring DispatcherServlet 'dispatcherServlet'
00:08:28:065  INFO 18120 --- [http-nio-8081-exec-1] o.s.web.servlet.DispatcherServlet        : Initializing Servlet 'dispatcherServlet'
00:08:28:066  INFO 18120 --- [http-nio-8081-exec-1] o.s.web.servlet.DispatcherServlet        : Completed initialization in 1 ms
00:08:28:168  INFO 18120 --- [http-nio-8081-exec-1] com.zaxxer.hikari.HikariDataSource       : HikariPool-1 - Starting...
00:08:28:435  INFO 18120 --- [http-nio-8081-exec-1] com.zaxxer.hikari.HikariDataSource       : HikariPool-1 - Start completed.
00:08:28:440 DEBUG 18120 --- [http-nio-8081-exec-1] c.h.i.m.ItemMapper.selectPage_mpCount    : ==>  Preparing: SELECT COUNT(*) FROM item
00:08:28:457 DEBUG 18120 --- [http-nio-8081-exec-1] c.h.i.m.ItemMapper.selectPage_mpCount    : ==> Parameters: 
00:08:28:480 DEBUG 18120 --- [http-nio-8081-exec-1] c.h.i.m.ItemMapper.selectPage_mpCount    : <==      Total: 1
00:08:28:489 DEBUG 18120 --- [http-nio-8081-exec-1] c.h.item.mapper.ItemMapper.selectPage    : ==>  Preparing: SELECT id, name, price, stock, image, category, brand, spec, sold, comment_count, isAD, status, create_time, update_time, creater, updater FROM item ORDER BY update_time DESC LIMIT ?
00:08:28:489 DEBUG 18120 --- [http-nio-8081-exec-1] c.h.item.mapper.ItemMapper.selectPage    : ==> Parameters: 1(Long)
00:08:28:494 DEBUG 18120 --- [http-nio-8081-exec-1] c.h.item.mapper.ItemMapper.selectPage    : <==      Total: 1
00:08:35:279  INFO 13516 --- [http-nio-8083-exec-1] o.a.c.c.C.[Tomcat].[localhost].[/]       : Initializing Spring DispatcherServlet 'dispatcherServlet'
00:08:35:279  INFO 13516 --- [http-nio-8083-exec-1] o.s.web.servlet.DispatcherServlet        : Initializing Servlet 'dispatcherServlet'
00:08:35:279  INFO 13516 --- [http-nio-8083-exec-1] o.s.web.servlet.DispatcherServlet        : Completed initialization in 0 ms
00:08:35:365  INFO 13516 --- [http-nio-8083-exec-1] com.zaxxer.hikari.HikariDataSource       : HikariPool-1 - Starting...
00:08:35:557  INFO 13516 --- [http-nio-8083-exec-1] com.zaxxer.hikari.HikariDataSource       : HikariPool-1 - Start completed.
00:08:35:562 DEBUG 13516 --- [http-nio-8083-exec-1] c.h.i.m.ItemMapper.selectPage_mpCount    : ==>  Preparing: SELECT COUNT(*) FROM item
00:08:35:577 DEBUG 13516 --- [http-nio-8083-exec-1] c.h.i.m.ItemMapper.selectPage_mpCount    : ==> Parameters: 
00:08:35:596 DEBUG 13516 --- [http-nio-8083-exec-1] c.h.i.m.ItemMapper.selectPage_mpCount    : <==      Total: 1
00:08:35:604 DEBUG 13516 --- [http-nio-8083-exec-1] c.h.item.mapper.ItemMapper.selectPage    : ==>  Preparing: SELECT id, name, price, stock, image, category, brand, spec, sold, comment_count, isAD, status, create_time, update_time, creater, updater FROM item ORDER BY update_time DESC LIMIT ?
00:08:35:605 DEBUG 13516 --- [http-nio-8083-exec-1] c.h.item.mapper.ItemMapper.selectPage    : ==> Parameters: 20(Long)
00:08:35:616 DEBUG 13516 --- [http-nio-8083-exec-1] c.h.item.mapper.ItemMapper.selectPage    : <==      Total: 20
00:09:01:838 DEBUG 18120 --- [http-nio-8081-exec-2] c.h.i.m.ItemMapper.selectPage_mpCount    : ==>  Preparing: SELECT COUNT(*) FROM item WHERE (status = ?)
00:09:01:839 DEBUG 18120 --- [http-nio-8081-exec-2] c.h.i.m.ItemMapper.selectPage_mpCount    : ==> Parameters: 1(Integer)
00:09:01:855 DEBUG 18120 --- [http-nio-8081-exec-2] c.h.i.m.ItemMapper.selectPage_mpCount    : <==      Total: 1
00:09:01:857 DEBUG 18120 --- [http-nio-8081-exec-2] c.h.item.mapper.ItemMapper.selectPage    : ==>  Preparing: SELECT id, name, price, stock, image, category, brand, spec, sold, comment_count, isAD, status, create_time, update_time, creater, updater FROM item WHERE (status = ?) ORDER BY update_time DESC LIMIT ?
00:09:01:857 DEBUG 18120 --- [http-nio-8081-exec-2] c.h.item.mapper.ItemMapper.selectPage    : ==> Parameters: 1(Integer), 20(Long)
00:09:01:867 DEBUG 18120 --- [http-nio-8081-exec-2] c.h.item.mapper.ItemMapper.selectPage    : <==      Total: 20
00:09:29:556 DEBUG 13516 --- [http-nio-8083-exec-5] c.h.i.m.ItemMapper.selectPage_mpCount    : ==>  Preparing: SELECT COUNT(*) FROM item WHERE (status = ?)
00:09:29:556 DEBUG 13516 --- [http-nio-8083-exec-5] c.h.i.m.ItemMapper.selectPage_mpCount    : ==> Parameters: 1(Integer)
00:09:29:572 DEBUG 13516 --- [http-nio-8083-exec-5] c.h.i.m.ItemMapper.selectPage_mpCount    : <==      Total: 1
00:09:29:574 DEBUG 13516 --- [http-nio-8083-exec-5] c.h.item.mapper.ItemMapper.selectPage    : ==>  Preparing: SELECT id, name, price, stock, image, category, brand, spec, sold, comment_count, isAD, status, create_time, update_time, creater, updater FROM item WHERE (status = ?) ORDER BY update_time DESC LIMIT ?
00:09:29:575 DEBUG 13516 --- [http-nio-8083-exec-5] c.h.item.mapper.ItemMapper.selectPage    : ==> Parameters: 1(Integer), 20(Long)
00:09:29:586 DEBUG 13516 --- [http-nio-8083-exec-5] c.h.item.mapper.ItemMapper.selectPage    : <==      Total: 20
00:10:52:298 DEBUG 18120 --- [http-nio-8081-exec-4] c.h.i.m.ItemMapper.selectPage_mpCount    : ==>  Preparing: SELECT COUNT(*) FROM item WHERE (status = ?)
00:10:52:298 DEBUG 18120 --- [http-nio-8081-exec-4] c.h.i.m.ItemMapper.selectPage_mpCount    : ==> Parameters: 1(Integer)
00:10:52:314 DEBUG 18120 --- [http-nio-8081-exec-4] c.h.i.m.ItemMapper.selectPage_mpCount    : <==      Total: 1
00:10:52:316 DEBUG 18120 --- [http-nio-8081-exec-4] c.h.item.mapper.ItemMapper.selectPage    : ==>  Preparing: SELECT id, name, price, stock, image, category, brand, spec, sold, comment_count, isAD, status, create_time, update_time, creater, updater FROM item WHERE (status = ?) ORDER BY update_time DESC LIMIT ?
00:10:52:316 DEBUG 18120 --- [http-nio-8081-exec-4] c.h.item.mapper.ItemMapper.selectPage    : ==> Parameters: 1(Integer), 20(Long)
00:10:52:320 DEBUG 18120 --- [http-nio-8081-exec-4] c.h.item.mapper.ItemMapper.selectPage    : <==      Total: 20
00:11:48:206 DEBUG 13516 --- [http-nio-8083-exec-3] c.h.i.m.ItemMapper.selectPage_mpCount    : ==>  Preparing: SELECT COUNT(*) FROM item WHERE (status = ?)
00:11:48:207 DEBUG 13516 --- [http-nio-8083-exec-3] c.h.i.m.ItemMapper.selectPage_mpCount    : ==> Parameters: 1(Integer)
00:11:48:223 DEBUG 13516 --- [http-nio-8083-exec-3] c.h.i.m.ItemMapper.selectPage_mpCount    : <==      Total: 1
00:11:48:224 DEBUG 13516 --- [http-nio-8083-exec-3] c.h.item.mapper.ItemMapper.selectPage    : ==>  Preparing: SELECT id, name, price, stock, image, category, brand, spec, sold, comment_count, isAD, status, create_time, update_time, creater, updater FROM item WHERE (status = ?) ORDER BY update_time DESC LIMIT ?
00:11:48:224 DEBUG 13516 --- [http-nio-8083-exec-3] c.h.item.mapper.ItemMapper.selectPage    : ==> Parameters: 1(Integer), 20(Long)
00:11:48:228 DEBUG 13516 --- [http-nio-8083-exec-3] c.h.item.mapper.ItemMapper.selectPage    : <==      Total: 20
00:11:53:856 DEBUG 18120 --- [http-nio-8081-exec-6] c.h.i.m.ItemMapper.selectPage_mpCount    : ==>  Preparing: SELECT COUNT(*) FROM item WHERE (status = ?)
00:11:53:856 DEBUG 18120 --- [http-nio-8081-exec-6] c.h.i.m.ItemMapper.selectPage_mpCount    : ==> Parameters: 1(Integer)
00:11:53:875 DEBUG 18120 --- [http-nio-8081-exec-6] c.h.i.m.ItemMapper.selectPage_mpCount    : <==      Total: 1
00:11:53:877 DEBUG 18120 --- [http-nio-8081-exec-6] c.h.item.mapper.ItemMapper.selectPage    : ==>  Preparing: SELECT id, name, price, stock, image, category, brand, spec, sold, comment_count, isAD, status, create_time, update_time, creater, updater FROM item WHERE (status = ?) ORDER BY update_time DESC LIMIT ?
00:11:53:877 DEBUG 18120 --- [http-nio-8081-exec-6] c.h.item.mapper.ItemMapper.selectPage    : ==> Parameters: 1(Integer), 20(Long)
00:11:53:880 DEBUG 18120 --- [http-nio-8081-exec-6] c.h.item.mapper.ItemMapper.selectPage    : <==      Total: 20
00:15:54:137 DEBUG 18120 --- [http-nio-8081-exec-8] c.h.i.m.ItemMapper.selectPage_mpCount    : ==>  Preparing: SELECT COUNT(*) FROM item WHERE (status = ?)
00:15:54:137 DEBUG 18120 --- [http-nio-8081-exec-8] c.h.i.m.ItemMapper.selectPage_mpCount    : ==> Parameters: 1(Integer)
00:15:54:153 DEBUG 18120 --- [http-nio-8081-exec-8] c.h.i.m.ItemMapper.selectPage_mpCount    : <==      Total: 1
00:15:54:156 DEBUG 18120 --- [http-nio-8081-exec-8] c.h.item.mapper.ItemMapper.selectPage    : ==>  Preparing: SELECT id, name, price, stock, image, category, brand, spec, sold, comment_count, isAD, status, create_time, update_time, creater, updater FROM item WHERE (status = ?) ORDER BY update_time DESC LIMIT ?
00:15:54:156 DEBUG 18120 --- [http-nio-8081-exec-8] c.h.item.mapper.ItemMapper.selectPage    : ==> Parameters: 1(Integer), 20(Long)
00:15:54:159 DEBUG 18120 --- [http-nio-8081-exec-8] c.h.item.mapper.ItemMapper.selectPage    : <==      Total: 20
00:16:52:484 DEBUG 13516 --- [http-nio-8083-exec-6] c.h.i.m.ItemMapper.selectPage_mpCount    : ==>  Preparing: SELECT COUNT(*) FROM item WHERE (status = ?)
00:16:52:484 DEBUG 13516 --- [http-nio-8083-exec-6] c.h.i.m.ItemMapper.selectPage_mpCount    : ==> Parameters: 1(Integer)
00:16:52:500 DEBUG 13516 --- [http-nio-8083-exec-6] c.h.i.m.ItemMapper.selectPage_mpCount    : <==      Total: 1
00:16:52:502 DEBUG 13516 --- [http-nio-8083-exec-6] c.h.item.mapper.ItemMapper.selectPage    : ==>  Preparing: SELECT id, name, price, stock, image, category, brand, spec, sold, comment_count, isAD, status, create_time, update_time, creater, updater FROM item WHERE (status = ?) ORDER BY update_time DESC LIMIT ?
00:16:52:502 DEBUG 13516 --- [http-nio-8083-exec-6] c.h.item.mapper.ItemMapper.selectPage    : ==> Parameters: 1(Integer), 20(Long)
00:16:52:506 DEBUG 13516 --- [http-nio-8083-exec-6] c.h.item.mapper.ItemMapper.selectPage    : <==      Total: 20
00:17:00:322 DEBUG 13516 --- [http-nio-8083-exec-7] c.h.i.mapper.ItemMapper.selectBatchIds   : ==>  Preparing: SELECT id,name,price,stock,image,category,brand,spec,sold,comment_count,isAD,status,create_time,update_time,creater,updater FROM item WHERE id IN ( ? )
00:17:00:322 DEBUG 13516 --- [http-nio-8083-exec-7] c.h.i.mapper.ItemMapper.selectBatchIds   : ==> Parameters: 100000006163(Long)
00:17:00:324 DEBUG 13516 --- [http-nio-8083-exec-7] c.h.i.mapper.ItemMapper.selectBatchIds   : <==      Total: 1
00:17:01:160 DEBUG 18120 --- [http-nio-8081-exec-9] c.h.i.mapper.ItemMapper.selectBatchIds   : ==>  Preparing: SELECT id,name,price,stock,image,category,brand,spec,sold,comment_count,isAD,status,create_time,update_time,creater,updater FROM item WHERE id IN ( ? )
00:17:01:160 DEBUG 18120 --- [http-nio-8081-exec-9] c.h.i.mapper.ItemMapper.selectBatchIds   : ==> Parameters: 100000006163(Long)
00:17:01:161 DEBUG 18120 --- [http-nio-8081-exec-9] c.h.i.mapper.ItemMapper.selectBatchIds   : <==      Total: 1
00:17:10:355 DEBUG 13516 --- [http-nio-8083-exec-8] c.h.i.mapper.ItemMapper.selectBatchIds   : ==>  Preparing: SELECT id,name,price,stock,image,category,brand,spec,sold,comment_count,isAD,status,create_time,update_time,creater,updater FROM item WHERE id IN ( ? )
00:17:10:355 DEBUG 13516 --- [http-nio-8083-exec-8] c.h.i.mapper.ItemMapper.selectBatchIds   : ==> Parameters: 100000006163(Long)
00:17:10:357 DEBUG 13516 --- [http-nio-8083-exec-8] c.h.i.mapper.ItemMapper.selectBatchIds   : <==      Total: 1
00:17:11:448 DEBUG 18120 --- [http-nio-8081-exec-1] c.h.i.mapper.ItemMapper.selectBatchIds   : ==>  Preparing: SELECT id,name,price,stock,image,category,brand,spec,sold,comment_count,isAD,status,create_time,update_time,creater,updater FROM item WHERE id IN ( ? )
00:17:11:448 DEBUG 18120 --- [http-nio-8081-exec-1] c.h.i.mapper.ItemMapper.selectBatchIds   : ==> Parameters: 100000006163(Long)
00:17:11:450 DEBUG 18120 --- [http-nio-8081-exec-1] c.h.i.mapper.ItemMapper.selectBatchIds   : <==      Total: 1
00:27:30:682 DEBUG 18120 --- [http-nio-8081-exec-3] c.h.i.mapper.ItemMapper.selectBatchIds   : ==>  Preparing: SELECT id,name,price,stock,image,category,brand,spec,sold,comment_count,isAD,status,create_time,update_time,creater,updater FROM item WHERE id IN ( ? )
00:27:30:682 DEBUG 18120 --- [http-nio-8081-exec-3] c.h.i.mapper.ItemMapper.selectBatchIds   : ==> Parameters: 100000006163(Long)
00:27:30:684 DEBUG 18120 --- [http-nio-8081-exec-3] c.h.i.mapper.ItemMapper.selectBatchIds   : <==      Total: 1
01:38:03:508  INFO 18120 --- [com.alibaba.nacos.client.remote.worker] com.alibaba.nacos.common.remote.client   : [c1e8719e-ce38-40c7-a39c-4dc3d9669a99] Server healthy check fail, currentConnection = 1718374432409_192.168.121.1_13294
01:38:03:511  INFO 18120 --- [com.alibaba.nacos.client.remote.worker] com.alibaba.nacos.common.remote.client   : [c1e8719e-ce38-40c7-a39c-4dc3d9669a99] Try to reconnect to a new server, server is  not appointed, will choose a random server.
01:38:05:010  INFO 13516 --- [com.alibaba.nacos.client.remote.worker] com.alibaba.nacos.common.remote.client   : [2d333afb-f5fd-4de3-8d48-aae0d9359b1f] Server healthy check fail, currentConnection = 1718374434747_192.168.121.1_13323
01:38:05:015  INFO 13516 --- [com.alibaba.nacos.client.remote.worker] com.alibaba.nacos.common.remote.client   : [2d333afb-f5fd-4de3-8d48-aae0d9359b1f] Try to reconnect to a new server, server is  not appointed, will choose a random server.
01:38:06:148 ERROR 18120 --- [com.alibaba.nacos.client.naming.updater.1] com.alibaba.nacos.common.remote.client   : Send request fail, request = ServiceQueryRequest{headers={app=unknown}, requestId='null'}, retryTimes = 0, errorMessage = Client not connected, current status:UNHEALTHY
01:38:06:248 ERROR 18120 --- [com.alibaba.nacos.client.naming.updater.1] com.alibaba.nacos.common.remote.client   : Send request fail, request = ServiceQueryRequest{headers={app=unknown}, requestId='null'}, retryTimes = 1, errorMessage = Client not connected, current status:UNHEALTHY
01:38:06:350 ERROR 18120 --- [com.alibaba.nacos.client.naming.updater.1] com.alibaba.nacos.common.remote.client   : Send request fail, request = ServiceQueryRequest{headers={app=unknown}, requestId='null'}, retryTimes = 2, errorMessage = Client not connected, current status:UNHEALTHY
01:38:06:521 ERROR 18120 --- [com.alibaba.nacos.client.remote.worker] c.a.n.c.remote.client.grpc.GrpcClient    : Server check fail, please check server 192.168.121.111 ,port 9848 is available , error ={}

java.util.concurrent.TimeoutException: Waited 3000 milliseconds (plus 439800 nanoseconds delay) for com.alibaba.nacos.shaded.io.grpc.stub.ClientCalls$GrpcFuture@1d46c8e5[status=PENDING, info=[GrpcFuture{clientCall={delegate={delegate=ClientCallImpl{method=MethodDescriptor{fullMethodName=Request/request, type=UNARY, idempotent=false, safe=false, sampledToLocalTracing=true, requestMarshaller=com.alibaba.nacos.shaded.io.grpc.protobuf.lite.ProtoLiteUtils$MessageMarshaller@95c986e, responseMarshaller=com.alibaba.nacos.shaded.io.grpc.protobuf.lite.ProtoLiteUtils$MessageMarshaller@2afb3001, schemaDescriptor=com.alibaba.nacos.api.grpc.auto.RequestGrpc$RequestMethodDescriptorSupplier@3178516f}}}}}]]
	at com.alibaba.nacos.shaded.com.google.common.util.concurrent.AbstractFuture.get(AbstractFuture.java:508) ~[nacos-client-2.0.4.jar:na]
	at com.alibaba.nacos.common.remote.client.grpc.GrpcClient.serverCheck(GrpcClient.java:148) ~[nacos-client-2.0.4.jar:na]
	at com.alibaba.nacos.common.remote.client.grpc.GrpcClient.connectToServer(GrpcClient.java:264) ~[nacos-client-2.0.4.jar:na]
	at com.alibaba.nacos.common.remote.client.RpcClient.reconnect(RpcClient.java:522) ~[nacos-client-2.0.4.jar:na]
	at com.alibaba.nacos.common.remote.client.RpcClient.lambda$start$2(RpcClient.java:370) ~[nacos-client-2.0.4.jar:na]
	at java.base/java.util.concurrent.Executors$RunnableAdapter.call(Executors.java:539) ~[na:na]
	at java.base/java.util.concurrent.FutureTask.run(FutureTask.java:264) ~[na:na]
	at java.base/java.util.concurrent.ScheduledThreadPoolExecutor$ScheduledFutureTask.run(ScheduledThreadPoolExecutor.java:304) ~[na:na]
	at java.base/java.util.concurrent.ThreadPoolExecutor.runWorker(ThreadPoolExecutor.java:1136) ~[na:na]
	at java.base/java.util.concurrent.ThreadPoolExecutor$Worker.run(ThreadPoolExecutor.java:635) ~[na:na]
	at java.base/java.lang.Thread.run(Thread.java:833) ~[na:na]

01:38:08:050 ERROR 13516 --- [com.alibaba.nacos.client.remote.worker] c.a.n.c.remote.client.grpc.GrpcClient    : Server check fail, please check server 192.168.121.111 ,port 9848 is available , error ={}

java.util.concurrent.TimeoutException: Waited 3000 milliseconds (plus 732300 nanoseconds delay) for com.alibaba.nacos.shaded.io.grpc.stub.ClientCalls$GrpcFuture@506be863[status=PENDING, info=[GrpcFuture{clientCall={delegate={delegate=ClientCallImpl{method=MethodDescriptor{fullMethodName=Request/request, type=UNARY, idempotent=false, safe=false, sampledToLocalTracing=true, requestMarshaller=com.alibaba.nacos.shaded.io.grpc.protobuf.lite.ProtoLiteUtils$MessageMarshaller@2f5f1d3d, responseMarshaller=com.alibaba.nacos.shaded.io.grpc.protobuf.lite.ProtoLiteUtils$MessageMarshaller@6c4f6dc4, schemaDescriptor=com.alibaba.nacos.api.grpc.auto.RequestGrpc$RequestMethodDescriptorSupplier@75183ad1}}}}}]]
	at com.alibaba.nacos.shaded.com.google.common.util.concurrent.AbstractFuture.get(AbstractFuture.java:508) ~[nacos-client-2.0.4.jar:na]
	at com.alibaba.nacos.common.remote.client.grpc.GrpcClient.serverCheck(GrpcClient.java:148) ~[nacos-client-2.0.4.jar:na]
	at com.alibaba.nacos.common.remote.client.grpc.GrpcClient.connectToServer(GrpcClient.java:264) ~[nacos-client-2.0.4.jar:na]
	at com.alibaba.nacos.common.remote.client.RpcClient.reconnect(RpcClient.java:522) ~[nacos-client-2.0.4.jar:na]
	at com.alibaba.nacos.common.remote.client.RpcClient.lambda$start$2(RpcClient.java:370) ~[nacos-client-2.0.4.jar:na]
	at java.base/java.util.concurrent.Executors$RunnableAdapter.call(Executors.java:539) ~[na:na]
	at java.base/java.util.concurrent.FutureTask.run(FutureTask.java:264) ~[na:na]
	at java.base/java.util.concurrent.ScheduledThreadPoolExecutor$ScheduledFutureTask.run(ScheduledThreadPoolExecutor.java:304) ~[na:na]
	at java.base/java.util.concurrent.ThreadPoolExecutor.runWorker(ThreadPoolExecutor.java:1136) ~[na:na]
	at java.base/java.util.concurrent.ThreadPoolExecutor$Worker.run(ThreadPoolExecutor.java:635) ~[na:na]
	at java.base/java.lang.Thread.run(Thread.java:833) ~[na:na]

01:38:08:279  INFO 13516 --- [com.alibaba.nacos.client.remote.worker] com.alibaba.nacos.common.remote.client   : [2d333afb-f5fd-4de3-8d48-aae0d9359b1f] Success to connect a server [192.168.121.111:8848], connectionId = 1718380416706_192.168.121.1_3391
01:38:08:279  INFO 13516 --- [com.alibaba.nacos.client.remote.worker] com.alibaba.nacos.common.remote.client   : [2d333afb-f5fd-4de3-8d48-aae0d9359b1f] Abandon prev connection, server is 192.168.121.111:8848, connectionId is 1718374434747_192.168.121.1_13323
01:38:08:279  INFO 13516 --- [com.alibaba.nacos.client.remote.worker] com.alibaba.nacos.common.remote.client   : Close current connection 1718374434747_192.168.121.1_13323
01:38:08:280  INFO 13516 --- [com.alibaba.nacos.client.remote.worker] com.alibaba.nacos.common.remote.client   : [2d333afb-f5fd-4de3-8d48-aae0d9359b1f] Notify disconnected event to listeners
01:38:08:280  WARN 13516 --- [nacos-grpc-client-executor-1137] c.a.n.c.remote.client.grpc.GrpcClient    : [1718374434747_192.168.121.1_13323]Ignore error event,isRunning:true,isAbandon=true
01:38:08:288  INFO 13516 --- [com.alibaba.nacos.client.remote.worker] com.alibaba.nacos.common.remote.client   : [2d333afb-f5fd-4de3-8d48-aae0d9359b1f] Notify connected event to listeners.
01:38:08:349 ERROR 13516 --- [com.alibaba.nacos.client.naming.updater.4] com.alibaba.nacos.common.remote.client   : Send request fail, request = ServiceQueryRequest{headers={app=unknown}, requestId='null'}, retryTimes = 0, errorMessage = Client not connected, current status:UNHEALTHY
01:38:08:488 ERROR 18120 --- [com.alibaba.nacos.client.naming.updater.1] com.alibaba.nacos.common.remote.client   : Send request fail, request = ServiceQueryRequest{headers={app=unknown}, requestId='null'}, retryTimes = 0, errorMessage = Client not connected, current status:UNHEALTHY
01:38:08:589 ERROR 18120 --- [com.alibaba.nacos.client.naming.updater.1] com.alibaba.nacos.common.remote.client   : Send request fail, request = ServiceQueryRequest{headers={app=unknown}, requestId='null'}, retryTimes = 1, errorMessage = Client not connected, current status:UNHEALTHY
01:38:08:692 ERROR 18120 --- [com.alibaba.nacos.client.naming.updater.1] com.alibaba.nacos.common.remote.client   : Send request fail, request = ServiceQueryRequest{headers={app=unknown}, requestId='null'}, retryTimes = 2, errorMessage = Client not connected, current status:UNHEALTHY
01:38:09:408  INFO 18120 --- [nacos-grpc-client-executor-1130] com.alibaba.nacos.common.remote.client   : [c1e8719e-ce38-40c7-a39c-4dc3d9669a99] Receive server push request, request = NotifySubscriberRequest, requestId = 70
01:38:09:414  INFO 18120 --- [nacos-grpc-client-executor-1130] com.alibaba.nacos.common.remote.client   : [c1e8719e-ce38-40c7-a39c-4dc3d9669a99] Ack server push request, request = NotifySubscriberRequest, requestId = 70
01:38:09:637 ERROR 18120 --- [com.alibaba.nacos.client.remote.worker] c.a.n.c.remote.client.grpc.GrpcClient    : Server check fail, please check server 192.168.121.111 ,port 9848 is available , error ={}

java.util.concurrent.TimeoutException: Waited 3000 milliseconds (plus 2 milliseconds, 123000 nanoseconds delay) for com.alibaba.nacos.shaded.io.grpc.stub.ClientCalls$GrpcFuture@704bd842[status=PENDING, info=[GrpcFuture{clientCall={delegate={delegate=ClientCallImpl{method=MethodDescriptor{fullMethodName=Request/request, type=UNARY, idempotent=false, safe=false, sampledToLocalTracing=true, requestMarshaller=com.alibaba.nacos.shaded.io.grpc.protobuf.lite.ProtoLiteUtils$MessageMarshaller@95c986e, responseMarshaller=com.alibaba.nacos.shaded.io.grpc.protobuf.lite.ProtoLiteUtils$MessageMarshaller@2afb3001, schemaDescriptor=com.alibaba.nacos.api.grpc.auto.RequestGrpc$RequestMethodDescriptorSupplier@3178516f}}}}}]]
	at com.alibaba.nacos.shaded.com.google.common.util.concurrent.AbstractFuture.get(AbstractFuture.java:508) ~[nacos-client-2.0.4.jar:na]
	at com.alibaba.nacos.common.remote.client.grpc.GrpcClient.serverCheck(GrpcClient.java:148) ~[nacos-client-2.0.4.jar:na]
	at com.alibaba.nacos.common.remote.client.grpc.GrpcClient.connectToServer(GrpcClient.java:264) ~[nacos-client-2.0.4.jar:na]
	at com.alibaba.nacos.common.remote.client.RpcClient.reconnect(RpcClient.java:522) ~[nacos-client-2.0.4.jar:na]
	at com.alibaba.nacos.common.remote.client.RpcClient.lambda$start$2(RpcClient.java:370) ~[nacos-client-2.0.4.jar:na]
	at java.base/java.util.concurrent.Executors$RunnableAdapter.call(Executors.java:539) ~[na:na]
	at java.base/java.util.concurrent.FutureTask.run(FutureTask.java:264) ~[na:na]
	at java.base/java.util.concurrent.ScheduledThreadPoolExecutor$ScheduledFutureTask.run(ScheduledThreadPoolExecutor.java:304) ~[na:na]
	at java.base/java.util.concurrent.ThreadPoolExecutor.runWorker(ThreadPoolExecutor.java:1136) ~[na:na]
	at java.base/java.util.concurrent.ThreadPoolExecutor$Worker.run(ThreadPoolExecutor.java:635) ~[na:na]
	at java.base/java.lang.Thread.run(Thread.java:833) ~[na:na]

01:38:09:637  INFO 18120 --- [com.alibaba.nacos.client.remote.worker] com.alibaba.nacos.common.remote.client   : [c1e8719e-ce38-40c7-a39c-4dc3d9669a99] Fail to connect server, after trying 1 times, last try server is {serverIp = '192.168.121.111', server main port = 8848}, error = unknown
01:38:09:960  INFO 18120 --- [com.alibaba.nacos.client.remote.worker] com.alibaba.nacos.common.remote.client   : [c1e8719e-ce38-40c7-a39c-4dc3d9669a99] Success to connect a server [192.168.121.111:8848], connectionId = 1718380418526_192.168.121.1_3399
01:38:09:960  INFO 18120 --- [com.alibaba.nacos.client.remote.worker] com.alibaba.nacos.common.remote.client   : [c1e8719e-ce38-40c7-a39c-4dc3d9669a99] Abandon prev connection, server is 192.168.121.111:8848, connectionId is 1718374432409_192.168.121.1_13294
01:38:09:960  INFO 18120 --- [com.alibaba.nacos.client.remote.worker] com.alibaba.nacos.common.remote.client   : Close current connection 1718374432409_192.168.121.1_13294
01:38:09:961  INFO 18120 --- [com.alibaba.nacos.client.remote.worker] com.alibaba.nacos.common.remote.client   : [c1e8719e-ce38-40c7-a39c-4dc3d9669a99] Notify disconnected event to listeners
01:38:09:966  INFO 18120 --- [com.alibaba.nacos.client.remote.worker] com.alibaba.nacos.common.remote.client   : [c1e8719e-ce38-40c7-a39c-4dc3d9669a99] Notify connected event to listeners.
01:38:09:968  WARN 18120 --- [nacos-grpc-client-executor-1135] c.a.n.c.remote.client.grpc.GrpcClient    : [1718374432409_192.168.121.1_13294]Ignore error event,isRunning:true,isAbandon=true
01:38:10:495  INFO 13516 --- [nacos-grpc-client-executor-1142] com.alibaba.nacos.common.remote.client   : [2d333afb-f5fd-4de3-8d48-aae0d9359b1f] Receive server push request, request = NotifySubscriberRequest, requestId = 77
01:38:10:503  INFO 13516 --- [nacos-grpc-client-executor-1142] com.alibaba.nacos.common.remote.client   : [2d333afb-f5fd-4de3-8d48-aae0d9359b1f] Ack server push request, request = NotifySubscriberRequest, requestId = 77
01:38:11:245  INFO 13516 --- [nacos-grpc-client-executor-1143] com.alibaba.nacos.common.remote.client   : [2d333afb-f5fd-4de3-8d48-aae0d9359b1f] Receive server push request, request = NotifySubscriberRequest, requestId = 80
01:38:11:245  INFO 18120 --- [nacos-grpc-client-executor-1138] com.alibaba.nacos.common.remote.client   : [c1e8719e-ce38-40c7-a39c-4dc3d9669a99] Receive server push request, request = NotifySubscriberRequest, requestId = 81
01:38:11:253  INFO 13516 --- [nacos-grpc-client-executor-1143] com.alibaba.nacos.common.remote.client   : [2d333afb-f5fd-4de3-8d48-aae0d9359b1f] Ack server push request, request = NotifySubscriberRequest, requestId = 80
01:38:11:253  INFO 18120 --- [nacos-grpc-client-executor-1138] com.alibaba.nacos.common.remote.client   : [c1e8719e-ce38-40c7-a39c-4dc3d9669a99] Ack server push request, request = NotifySubscriberRequest, requestId = 81
02:17:41:005  WARN 18120 --- [Thread-4] c.a.nacos.common.notify.NotifyCenter     : [NotifyCenter] Start destroying Publisher
02:17:41:005  WARN 18120 --- [Thread-7] c.a.n.common.http.HttpClientBeanHolder   : [HttpClientBeanHolder] Start destroying common HttpClient
02:17:41:005  WARN 18120 --- [Thread-4] c.a.nacos.common.notify.NotifyCenter     : [NotifyCenter] Destruction of the end
02:17:41:005  WARN 18120 --- [Thread-7] c.a.n.common.http.HttpClientBeanHolder   : [HttpClientBeanHolder] Destruction of the end
02:17:41:032  WARN 13516 --- [Thread-4] c.a.nacos.common.notify.NotifyCenter     : [NotifyCenter] Start destroying Publisher
02:17:41:032  WARN 13516 --- [Thread-4] c.a.nacos.common.notify.NotifyCenter     : [NotifyCenter] Destruction of the end
02:17:41:032  WARN 13516 --- [Thread-7] c.a.n.common.http.HttpClientBeanHolder   : [HttpClientBeanHolder] Start destroying common HttpClient
02:17:41:032  WARN 13516 --- [Thread-7] c.a.n.common.http.HttpClientBeanHolder   : [HttpClientBeanHolder] Destruction of the end
02:17:41:117  INFO 18120 --- [SpringApplicationShutdownHook] c.a.c.n.registry.NacosServiceRegistry    : De-registering from Nacos Server now...
02:17:41:117  INFO 18120 --- [SpringApplicationShutdownHook] c.a.c.n.registry.NacosServiceRegistry    : De-registration finished.
02:17:41:140  INFO 13516 --- [SpringApplicationShutdownHook] c.a.c.n.registry.NacosServiceRegistry    : De-registering from Nacos Server now...
02:17:41:144  INFO 13516 --- [SpringApplicationShutdownHook] c.a.c.n.registry.NacosServiceRegistry    : De-registration finished.
02:17:41:429  INFO 18120 --- [SpringApplicationShutdownHook] com.alibaba.nacos.common.remote.client   : Shutdown rpc client, set status to shutdown
02:17:41:429  INFO 18120 --- [SpringApplicationShutdownHook] com.alibaba.nacos.common.remote.client   : Shutdown client event executor java.util.concurrent.ScheduledThreadPoolExecutor@6cd0de7a[Running, pool size = 2, active threads = 2, queued tasks = 0, completed tasks = 0]
02:17:41:429  INFO 18120 --- [SpringApplicationShutdownHook] com.alibaba.nacos.common.remote.client   : Close current connection 1718380418526_192.168.121.1_3399
02:17:41:429  INFO 18120 --- [nacos-grpc-client-executor-1614] c.a.n.c.remote.client.grpc.GrpcClient    : [1718380418526_192.168.121.1_3399]Ignore complete event,isRunning:false,isAbandon=false
02:17:41:433  INFO 18120 --- [SpringApplicationShutdownHook] c.a.n.c.remote.client.grpc.GrpcClient    : Shutdown grpc executor java.util.concurrent.ThreadPoolExecutor@3f807cfc[Running, pool size = 5, active threads = 0, queued tasks = 0, completed tasks = 1615]
02:17:41:437  INFO 18120 --- [SpringApplicationShutdownHook] com.zaxxer.hikari.HikariDataSource       : HikariPool-1 - Shutdown initiated...
02:17:41:447  INFO 18120 --- [SpringApplicationShutdownHook] com.zaxxer.hikari.HikariDataSource       : HikariPool-1 - Shutdown completed.
02:17:41:451  INFO 13516 --- [SpringApplicationShutdownHook] com.alibaba.nacos.common.remote.client   : Shutdown rpc client, set status to shutdown
02:17:41:451  INFO 13516 --- [SpringApplicationShutdownHook] com.alibaba.nacos.common.remote.client   : Shutdown client event executor java.util.concurrent.ScheduledThreadPoolExecutor@214bc4ca[Running, pool size = 2, active threads = 2, queued tasks = 0, completed tasks = 0]
02:17:41:451  INFO 13516 --- [SpringApplicationShutdownHook] com.alibaba.nacos.common.remote.client   : Close current connection 1718380416706_192.168.121.1_3391
02:17:41:455  INFO 13516 --- [nacos-grpc-client-executor-1620] c.a.n.c.remote.client.grpc.GrpcClient    : [1718380416706_192.168.121.1_3391]Ignore complete event,isRunning:false,isAbandon=false
02:17:41:455  INFO 13516 --- [SpringApplicationShutdownHook] c.a.n.c.remote.client.grpc.GrpcClient    : Shutdown grpc executor java.util.concurrent.ThreadPoolExecutor@7a6b2491[Running, pool size = 5, active threads = 0, queued tasks = 0, completed tasks = 1621]
02:17:41:463  INFO 13516 --- [SpringApplicationShutdownHook] com.zaxxer.hikari.HikariDataSource       : HikariPool-1 - Shutdown initiated...
02:17:41:477  INFO 13516 --- [SpringApplicationShutdownHook] com.zaxxer.hikari.HikariDataSource       : HikariPool-1 - Shutdown completed.
