00:06:07:325  INFO 14924 --- [main] com.hmall.user.UserApplication           : Starting UserApplication using Java 17.0.2 on SakuranoX with PID 14924 (D:\Cloud\hmall\user-service\target\classes started by x in D:\Cloud\hmall)
00:06:07:328 DEBUG 14924 --- [main] com.hmall.user.UserApplication           : Running with Spring Boot v2.7.12, Spring v5.3.27
00:06:07:329  INFO 14924 --- [main] com.hmall.user.UserApplication           : The following 1 profile is active: "local"
00:06:08:188  INFO 14924 --- [main] o.s.cloud.context.scope.GenericScope     : BeanFactory id=7cf368db-e804-3d66-8e95-3aad210fb0d5
00:06:08:542  INFO 14924 --- [main] o.s.b.w.embedded.tomcat.TomcatWebServer  : Tomcat initialized with port(s): 8084 (http)
00:06:08:554  INFO 14924 --- [main] o.apache.catalina.core.StandardService   : Starting service [Tomcat]
00:06:08:554  INFO 14924 --- [main] org.apache.catalina.core.StandardEngine  : Starting Servlet engine: [Apache Tomcat/9.0.75]
00:06:08:672  INFO 14924 --- [main] o.a.c.c.C.[Tomcat].[localhost].[/]       : Initializing Spring embedded WebApplicationContext
00:06:08:673  INFO 14924 --- [main] w.s.c.ServletWebServerApplicationContext : Root WebApplicationContext: initialization completed in 1305 ms
00:06:10:839  INFO 14924 --- [main] o.s.cloud.commons.util.InetUtils         : Cannot determine local hostname
00:06:10:872  INFO 14924 --- [main] pertySourcedRequestMappingHandlerMapping : Mapped URL path [/v2/api-docs] onto method [springfox.documentation.swagger2.web.Swagger2ControllerWebMvc#getDocumentation(String, HttpServletRequest)]
00:06:12:025  INFO 14924 --- [main] o.s.cloud.commons.util.InetUtils         : Cannot determine local hostname
00:06:12:175  INFO 14924 --- [main] com.alibaba.nacos.common.remote.client   : [RpcClientFactory] create a new rpc client of d3917a43-ab80-4704-93f6-56eb257eb8f1
00:06:12:216  INFO 14924 --- [main] org.reflections.Reflections              : Reflections took 20 ms to scan 1 urls, producing 3 keys and 6 values 
00:06:12:240  INFO 14924 --- [main] org.reflections.Reflections              : Reflections took 10 ms to scan 1 urls, producing 4 keys and 9 values 
00:06:12:252  INFO 14924 --- [main] org.reflections.Reflections              : Reflections took 10 ms to scan 1 urls, producing 3 keys and 10 values 
00:06:12:255  WARN 14924 --- [main] org.reflections.Reflections              : given scan urls are empty. set urls in the configuration
00:06:12:262  INFO 14924 --- [main] org.reflections.Reflections              : Reflections took 7 ms to scan 1 urls, producing 1 keys and 5 values 
00:06:12:271  INFO 14924 --- [main] org.reflections.Reflections              : Reflections took 7 ms to scan 1 urls, producing 1 keys and 7 values 
00:06:12:279  INFO 14924 --- [main] org.reflections.Reflections              : Reflections took 6 ms to scan 1 urls, producing 2 keys and 8 values 
00:06:12:282  WARN 14924 --- [main] org.reflections.Reflections              : given scan urls are empty. set urls in the configuration
00:06:12:282  INFO 14924 --- [main] com.alibaba.nacos.common.remote.client   : [d3917a43-ab80-4704-93f6-56eb257eb8f1] RpcClient init label, labels = {module=naming, source=sdk}
00:06:12:284  INFO 14924 --- [main] com.alibaba.nacos.common.remote.client   : [d3917a43-ab80-4704-93f6-56eb257eb8f1] RpcClient init, ServerListFactory = com.alibaba.nacos.client.naming.core.ServerListManager
00:06:12:284  INFO 14924 --- [main] com.alibaba.nacos.common.remote.client   : [d3917a43-ab80-4704-93f6-56eb257eb8f1] Registry connection listener to current client:com.alibaba.nacos.client.naming.remote.gprc.redo.NamingGrpcRedoService
00:06:12:285  INFO 14924 --- [main] com.alibaba.nacos.common.remote.client   : [d3917a43-ab80-4704-93f6-56eb257eb8f1] Register server push request handler:com.alibaba.nacos.client.naming.remote.gprc.NamingPushRequestHandler
00:06:12:286  INFO 14924 --- [main] com.alibaba.nacos.common.remote.client   : [d3917a43-ab80-4704-93f6-56eb257eb8f1] Try to connect to server on start up, server: {serverIp = '192.168.121.111', server main port = 8848}
00:06:12:886  INFO 14924 --- [main] com.alibaba.nacos.common.remote.client   : [d3917a43-ab80-4704-93f6-56eb257eb8f1] Success to connect to server [192.168.121.111:8848] on start up, connectionId = 1718374441600_192.168.121.1_13355
00:06:12:887  INFO 14924 --- [com.alibaba.nacos.client.remote.worker] com.alibaba.nacos.common.remote.client   : [d3917a43-ab80-4704-93f6-56eb257eb8f1] Notify connected event to listeners.
00:06:12:887  INFO 14924 --- [main] com.alibaba.nacos.common.remote.client   : [d3917a43-ab80-4704-93f6-56eb257eb8f1] Register server push request handler:com.alibaba.nacos.common.remote.client.RpcClient$ConnectResetRequestHandler
00:06:12:887  INFO 14924 --- [main] com.alibaba.nacos.common.remote.client   : [d3917a43-ab80-4704-93f6-56eb257eb8f1] Register server push request handler:com.alibaba.nacos.common.remote.client.RpcClient$$Lambda$967/0x00000008012f6d48
00:06:12:934  INFO 14924 --- [main] o.s.b.w.embedded.tomcat.TomcatWebServer  : Tomcat started on port(s): 8084 (http) with context path ''
00:06:12:942  INFO 14924 --- [main] c.a.c.n.registry.NacosServiceRegistry    : nacos registry, DEFAULT_GROUP user-service 192.168.121.1:8084 register finished
00:06:13:380  INFO 14924 --- [nacos-grpc-client-executor-9] com.alibaba.nacos.common.remote.client   : [d3917a43-ab80-4704-93f6-56eb257eb8f1] Receive server push request, request = NotifySubscriberRequest, requestId = 50
00:06:13:384  INFO 14924 --- [nacos-grpc-client-executor-9] com.alibaba.nacos.common.remote.client   : [d3917a43-ab80-4704-93f6-56eb257eb8f1] Ack server push request, request = NotifySubscriberRequest, requestId = 50
00:06:14:007  INFO 14924 --- [main] o.s.cloud.commons.util.InetUtils         : Cannot determine local hostname
00:06:14:008  INFO 14924 --- [main] d.s.w.p.DocumentationPluginsBootstrapper : Documentation plugins bootstrapped
00:06:14:010  INFO 14924 --- [main] d.s.w.p.DocumentationPluginsBootstrapper : Found 1 custom documentation plugin(s)
00:06:14:025  INFO 14924 --- [main] s.d.s.w.s.ApiListingReferenceScanner     : Scanning for api listing references
00:06:14:106  INFO 14924 --- [main] com.hmall.user.UserApplication           : Started UserApplication in 8.346 seconds (JVM running for 9.178)
00:09:24:486  INFO 14924 --- [http-nio-8084-exec-1] o.a.c.c.C.[Tomcat].[localhost].[/]       : Initializing Spring DispatcherServlet 'dispatcherServlet'
00:09:24:486  INFO 14924 --- [http-nio-8084-exec-1] o.s.web.servlet.DispatcherServlet        : Initializing Servlet 'dispatcherServlet'
00:09:24:487  INFO 14924 --- [http-nio-8084-exec-1] o.s.web.servlet.DispatcherServlet        : Completed initialization in 1 ms
00:09:24:606  INFO 14924 --- [http-nio-8084-exec-1] com.zaxxer.hikari.HikariDataSource       : HikariPool-1 - Starting...
00:09:24:828  INFO 14924 --- [http-nio-8084-exec-1] com.zaxxer.hikari.HikariDataSource       : HikariPool-1 - Start completed.
00:09:24:840 DEBUG 14924 --- [http-nio-8084-exec-1] c.h.user.mapper.UserMapper.selectOne     : ==>  Preparing: SELECT id,username,password,phone,create_time,update_time,status,balance FROM user WHERE (username = ?)
00:09:24:858 DEBUG 14924 --- [http-nio-8084-exec-1] c.h.user.mapper.UserMapper.selectOne     : ==> Parameters: jack(String)
00:09:24:877 DEBUG 14924 --- [http-nio-8084-exec-1] c.h.user.mapper.UserMapper.selectOne     : <==      Total: 1
00:11:53:740 DEBUG 14924 --- [http-nio-8084-exec-7] c.h.user.mapper.UserMapper.selectOne     : ==>  Preparing: SELECT id,username,password,phone,create_time,update_time,status,balance FROM user WHERE (username = ?)
00:11:53:740 DEBUG 14924 --- [http-nio-8084-exec-7] c.h.user.mapper.UserMapper.selectOne     : ==> Parameters: jack(String)
00:11:53:742 DEBUG 14924 --- [http-nio-8084-exec-7] c.h.user.mapper.UserMapper.selectOne     : <==      Total: 1
01:38:00:300  INFO 14924 --- [com.alibaba.nacos.client.remote.worker] com.alibaba.nacos.common.remote.client   : [d3917a43-ab80-4704-93f6-56eb257eb8f1] Server healthy check fail, currentConnection = 1718374441600_192.168.121.1_13355
01:38:00:312  INFO 14924 --- [com.alibaba.nacos.client.remote.worker] com.alibaba.nacos.common.remote.client   : [d3917a43-ab80-4704-93f6-56eb257eb8f1] Try to reconnect to a new server, server is  not appointed, will choose a random server.
01:38:03:358 ERROR 14924 --- [com.alibaba.nacos.client.remote.worker] c.a.n.c.remote.client.grpc.GrpcClient    : Server check fail, please check server 192.168.121.111 ,port 9848 is available , error ={}

java.util.concurrent.TimeoutException: Waited 3000 milliseconds (plus 1 milliseconds, 831200 nanoseconds delay) for com.alibaba.nacos.shaded.io.grpc.stub.ClientCalls$GrpcFuture@14d1e9e4[status=PENDING, info=[GrpcFuture{clientCall={delegate={delegate=ClientCallImpl{method=MethodDescriptor{fullMethodName=Request/request, type=UNARY, idempotent=false, safe=false, sampledToLocalTracing=true, requestMarshaller=com.alibaba.nacos.shaded.io.grpc.protobuf.lite.ProtoLiteUtils$MessageMarshaller@43a26b70, responseMarshaller=com.alibaba.nacos.shaded.io.grpc.protobuf.lite.ProtoLiteUtils$MessageMarshaller@66c8ce7e, schemaDescriptor=com.alibaba.nacos.api.grpc.auto.RequestGrpc$RequestMethodDescriptorSupplier@aade4b7}}}}}]]
	at com.alibaba.nacos.shaded.com.google.common.util.concurrent.AbstractFuture.get(AbstractFuture.java:508) ~[nacos-client-2.0.4.jar:na]
	at com.alibaba.nacos.common.remote.client.grpc.GrpcClient.serverCheck(GrpcClient.java:148) ~[nacos-client-2.0.4.jar:na]
	at com.alibaba.nacos.common.remote.client.grpc.GrpcClient.connectToServer(GrpcClient.java:264) ~[nacos-client-2.0.4.jar:na]
	at com.alibaba.nacos.common.remote.client.RpcClient.reconnect(RpcClient.java:522) ~[nacos-client-2.0.4.jar:na]
	at com.alibaba.nacos.common.remote.client.RpcClient.lambda$start$2(RpcClient.java:370) ~[nacos-client-2.0.4.jar:na]
	at java.base/java.util.concurrent.Executors$RunnableAdapter.call(Executors.java:539) ~[na:na]
	at java.base/java.util.concurrent.FutureTask.run(FutureTask.java:264) ~[na:na]
	at java.base/java.util.concurrent.ScheduledThreadPoolExecutor$ScheduledFutureTask.run(ScheduledThreadPoolExecutor.java:304) ~[na:na]
	at java.base/java.util.concurrent.ThreadPoolExecutor.runWorker(ThreadPoolExecutor.java:1136) ~[na:na]
	at java.base/java.util.concurrent.ThreadPoolExecutor$Worker.run(ThreadPoolExecutor.java:635) ~[na:na]
	at java.base/java.lang.Thread.run(Thread.java:833) ~[na:na]

01:38:06:478 ERROR 14924 --- [com.alibaba.nacos.client.remote.worker] c.a.n.c.remote.client.grpc.GrpcClient    : Server check fail, please check server 192.168.121.111 ,port 9848 is available , error ={}

java.util.concurrent.TimeoutException: Waited 3000 milliseconds (plus 2 milliseconds, 583500 nanoseconds delay) for com.alibaba.nacos.shaded.io.grpc.stub.ClientCalls$GrpcFuture@2a471057[status=PENDING, info=[GrpcFuture{clientCall={delegate={delegate=ClientCallImpl{method=MethodDescriptor{fullMethodName=Request/request, type=UNARY, idempotent=false, safe=false, sampledToLocalTracing=true, requestMarshaller=com.alibaba.nacos.shaded.io.grpc.protobuf.lite.ProtoLiteUtils$MessageMarshaller@43a26b70, responseMarshaller=com.alibaba.nacos.shaded.io.grpc.protobuf.lite.ProtoLiteUtils$MessageMarshaller@66c8ce7e, schemaDescriptor=com.alibaba.nacos.api.grpc.auto.RequestGrpc$RequestMethodDescriptorSupplier@aade4b7}}}}}]]
	at com.alibaba.nacos.shaded.com.google.common.util.concurrent.AbstractFuture.get(AbstractFuture.java:508) ~[nacos-client-2.0.4.jar:na]
	at com.alibaba.nacos.common.remote.client.grpc.GrpcClient.serverCheck(GrpcClient.java:148) ~[nacos-client-2.0.4.jar:na]
	at com.alibaba.nacos.common.remote.client.grpc.GrpcClient.connectToServer(GrpcClient.java:264) ~[nacos-client-2.0.4.jar:na]
	at com.alibaba.nacos.common.remote.client.RpcClient.reconnect(RpcClient.java:522) ~[nacos-client-2.0.4.jar:na]
	at com.alibaba.nacos.common.remote.client.RpcClient.lambda$start$2(RpcClient.java:370) ~[nacos-client-2.0.4.jar:na]
	at java.base/java.util.concurrent.Executors$RunnableAdapter.call(Executors.java:539) ~[na:na]
	at java.base/java.util.concurrent.FutureTask.run(FutureTask.java:264) ~[na:na]
	at java.base/java.util.concurrent.ScheduledThreadPoolExecutor$ScheduledFutureTask.run(ScheduledThreadPoolExecutor.java:304) ~[na:na]
	at java.base/java.util.concurrent.ThreadPoolExecutor.runWorker(ThreadPoolExecutor.java:1136) ~[na:na]
	at java.base/java.util.concurrent.ThreadPoolExecutor$Worker.run(ThreadPoolExecutor.java:635) ~[na:na]
	at java.base/java.lang.Thread.run(Thread.java:833) ~[na:na]

01:38:06:479  INFO 14924 --- [com.alibaba.nacos.client.remote.worker] com.alibaba.nacos.common.remote.client   : [d3917a43-ab80-4704-93f6-56eb257eb8f1] Fail to connect server, after trying 1 times, last try server is {serverIp = '192.168.121.111', server main port = 8848}, error = unknown
01:38:09:683 ERROR 14924 --- [com.alibaba.nacos.client.remote.worker] c.a.n.c.remote.client.grpc.GrpcClient    : Server check fail, please check server 192.168.121.111 ,port 9848 is available , error ={}

java.util.concurrent.TimeoutException: Waited 3000 milliseconds (plus 405400 nanoseconds delay) for com.alibaba.nacos.shaded.io.grpc.stub.ClientCalls$GrpcFuture@13e867a9[status=PENDING, info=[GrpcFuture{clientCall={delegate={delegate=ClientCallImpl{method=MethodDescriptor{fullMethodName=Request/request, type=UNARY, idempotent=false, safe=false, sampledToLocalTracing=true, requestMarshaller=com.alibaba.nacos.shaded.io.grpc.protobuf.lite.ProtoLiteUtils$MessageMarshaller@43a26b70, responseMarshaller=com.alibaba.nacos.shaded.io.grpc.protobuf.lite.ProtoLiteUtils$MessageMarshaller@66c8ce7e, schemaDescriptor=com.alibaba.nacos.api.grpc.auto.RequestGrpc$RequestMethodDescriptorSupplier@aade4b7}}}}}]]
	at com.alibaba.nacos.shaded.com.google.common.util.concurrent.AbstractFuture.get(AbstractFuture.java:508) ~[nacos-client-2.0.4.jar:na]
	at com.alibaba.nacos.common.remote.client.grpc.GrpcClient.serverCheck(GrpcClient.java:148) ~[nacos-client-2.0.4.jar:na]
	at com.alibaba.nacos.common.remote.client.grpc.GrpcClient.connectToServer(GrpcClient.java:264) ~[nacos-client-2.0.4.jar:na]
	at com.alibaba.nacos.common.remote.client.RpcClient.reconnect(RpcClient.java:522) ~[nacos-client-2.0.4.jar:na]
	at com.alibaba.nacos.common.remote.client.RpcClient.lambda$start$2(RpcClient.java:370) ~[nacos-client-2.0.4.jar:na]
	at java.base/java.util.concurrent.Executors$RunnableAdapter.call(Executors.java:539) ~[na:na]
	at java.base/java.util.concurrent.FutureTask.run(FutureTask.java:264) ~[na:na]
	at java.base/java.util.concurrent.ScheduledThreadPoolExecutor$ScheduledFutureTask.run(ScheduledThreadPoolExecutor.java:304) ~[na:na]
	at java.base/java.util.concurrent.ThreadPoolExecutor.runWorker(ThreadPoolExecutor.java:1136) ~[na:na]
	at java.base/java.util.concurrent.ThreadPoolExecutor$Worker.run(ThreadPoolExecutor.java:635) ~[na:na]
	at java.base/java.lang.Thread.run(Thread.java:833) ~[na:na]

01:38:09:685  INFO 14924 --- [com.alibaba.nacos.client.remote.worker] com.alibaba.nacos.common.remote.client   : [d3917a43-ab80-4704-93f6-56eb257eb8f1] Fail to connect server, after trying 2 times, last try server is {serverIp = '192.168.121.111', server main port = 8848}, error = unknown
01:38:10:108  INFO 14924 --- [com.alibaba.nacos.client.remote.worker] com.alibaba.nacos.common.remote.client   : [d3917a43-ab80-4704-93f6-56eb257eb8f1] Success to connect a server [192.168.121.111:8848], connectionId = 1718380418685_192.168.121.1_3400
01:38:10:108  INFO 14924 --- [com.alibaba.nacos.client.remote.worker] com.alibaba.nacos.common.remote.client   : [d3917a43-ab80-4704-93f6-56eb257eb8f1] Abandon prev connection, server is 192.168.121.111:8848, connectionId is 1718374441600_192.168.121.1_13355
01:38:10:108  INFO 14924 --- [com.alibaba.nacos.client.remote.worker] com.alibaba.nacos.common.remote.client   : Close current connection 1718374441600_192.168.121.1_13355
01:38:10:109  INFO 14924 --- [com.alibaba.nacos.client.remote.worker] com.alibaba.nacos.common.remote.client   : [d3917a43-ab80-4704-93f6-56eb257eb8f1] Notify disconnected event to listeners
01:38:10:116  WARN 14924 --- [nacos-grpc-client-executor-1128] c.a.n.c.remote.client.grpc.GrpcClient    : [1718374441600_192.168.121.1_13355]Ignore error event,isRunning:true,isAbandon=true
01:38:10:120  INFO 14924 --- [com.alibaba.nacos.client.remote.worker] com.alibaba.nacos.common.remote.client   : [d3917a43-ab80-4704-93f6-56eb257eb8f1] Notify connected event to listeners.
01:38:10:684  INFO 14924 --- [nacos-grpc-client-executor-1131] com.alibaba.nacos.common.remote.client   : [d3917a43-ab80-4704-93f6-56eb257eb8f1] Receive server push request, request = NotifySubscriberRequest, requestId = 78
01:38:10:684  INFO 14924 --- [nacos-grpc-client-executor-1131] com.alibaba.nacos.common.remote.client   : [d3917a43-ab80-4704-93f6-56eb257eb8f1] Ack server push request, request = NotifySubscriberRequest, requestId = 78
02:17:41:121  WARN 14924 --- [Thread-4] c.a.nacos.common.notify.NotifyCenter     : [NotifyCenter] Start destroying Publisher
02:17:41:125  WARN 14924 --- [Thread-7] c.a.n.common.http.HttpClientBeanHolder   : [HttpClientBeanHolder] Start destroying common HttpClient
02:17:41:125  WARN 14924 --- [Thread-4] c.a.nacos.common.notify.NotifyCenter     : [NotifyCenter] Destruction of the end
02:17:41:125  WARN 14924 --- [Thread-7] c.a.n.common.http.HttpClientBeanHolder   : [HttpClientBeanHolder] Destruction of the end
02:17:41:245  INFO 14924 --- [SpringApplicationShutdownHook] c.a.c.n.registry.NacosServiceRegistry    : De-registering from Nacos Server now...
02:17:41:249  INFO 14924 --- [SpringApplicationShutdownHook] c.a.c.n.registry.NacosServiceRegistry    : De-registration finished.
02:17:41:558  INFO 14924 --- [SpringApplicationShutdownHook] com.alibaba.nacos.common.remote.client   : Shutdown rpc client, set status to shutdown
02:17:41:558  INFO 14924 --- [SpringApplicationShutdownHook] com.alibaba.nacos.common.remote.client   : Shutdown client event executor java.util.concurrent.ScheduledThreadPoolExecutor@237bd5e1[Running, pool size = 2, active threads = 2, queued tasks = 0, completed tasks = 0]
02:17:41:558  INFO 14924 --- [SpringApplicationShutdownHook] com.alibaba.nacos.common.remote.client   : Close current connection 1718380418685_192.168.121.1_3400
02:17:41:560  INFO 14924 --- [nacos-grpc-client-executor-1606] c.a.n.c.remote.client.grpc.GrpcClient    : [1718380418685_192.168.121.1_3400]Ignore complete event,isRunning:false,isAbandon=false
02:17:41:561  INFO 14924 --- [SpringApplicationShutdownHook] c.a.n.c.remote.client.grpc.GrpcClient    : Shutdown grpc executor java.util.concurrent.ThreadPoolExecutor@4b139cbb[Running, pool size = 5, active threads = 0, queued tasks = 0, completed tasks = 1607]
02:17:41:574  INFO 14924 --- [SpringApplicationShutdownHook] com.zaxxer.hikari.HikariDataSource       : HikariPool-1 - Shutdown initiated...
02:17:41:588  INFO 14924 --- [SpringApplicationShutdownHook] com.zaxxer.hikari.HikariDataSource       : HikariPool-1 - Shutdown completed.
